[INFO] Error stacktraces are turned on.
[INFO] Scanning for projects...
[INFO] 
[INFO] -----------------------< com.hema:resumematcher >-----------------------
[INFO] Building ResumeMatcher 0.0.1-SNAPSHOT
[INFO]   from pom.xml
[INFO] --------------------------------[ jar ]---------------------------------
[INFO] 
[INFO] >>> spring-boot:3.2.5:run (default-cli) > test-compile @ resumematcher >>>
[INFO] 
[INFO] --- resources:3.3.1:resources (default-resources) @ resumematcher ---
[INFO] Copying 1 resource from src\main\resources to target\classes
[INFO] Copying 0 resource from src\main\resources to target\classes
[INFO] 
[INFO] --- compiler:3.11.0:compile (default-compile) @ resumematcher ---
[INFO] Nothing to compile - all classes are up to date
[INFO] 
[INFO] --- resources:3.3.1:testResources (default-testResources) @ resumematcher ---
[INFO] skip non existing resourceDirectory C:\Users\Hema\Resume_Matcher_Project\Backend\src\test\resources
[INFO] 
[INFO] --- compiler:3.11.0:testCompile (default-testCompile) @ resumematcher ---
[INFO] Nothing to compile - all classes are up to date
[INFO] 
[INFO] <<< spring-boot:3.2.5:run (default-cli) < test-compile @ resumematcher <<<
[INFO] 
[INFO] 
[INFO] --- spring-boot:3.2.5:run (default-cli) @ resumematcher ---
[INFO] Attaching agents: []

  .   ____          _            __ _ _
 /\\ / ___'_ __ _ _(_)_ __  __ _ \ \ \ \
( ( )\___ | '_ | '_| | '_ \/ _` | \ \ \ \
 \\/  ___)| |_)| | | | | || (_| |  ) ) ) )
  '  |____| .__|_| |_|_| |_\__, | / / / /
 =========|_|==============|___/=/_/_/_/
 :: Spring Boot ::                (v3.2.5)

2026-03-13T11:52:41.797+05:30  INFO 23880 --- [           main] c.h.r.ResumeMatcherApplication           : Starting ResumeMatcherApplication using Java 24.0.2 with PID 23880 (C:\Users\Hema\Resume_Matcher_Project\Backend\target\classes started by Hema in C:\Users\Hema\Resume_Matcher_Project\Backend)
2026-03-13T11:52:41.798+05:30 DEBUG 23880 --- [           main] c.h.r.ResumeMatcherApplication           : Running with Spring Boot v3.2.5, Spring v6.1.6
2026-03-13T11:52:41.800+05:30  INFO 23880 --- [           main] c.h.r.ResumeMatcherApplication           : No active profile set, falling back to 1 default profile: "default"
2026-03-13T11:52:43.028+05:30  INFO 23880 --- [           main] .s.d.r.c.RepositoryConfigurationDelegate : Bootstrapping Spring Data JPA repositories in DEFAULT mode.
2026-03-13T11:52:43.143+05:30  INFO 23880 --- [           main] .s.d.r.c.RepositoryConfigurationDelegate : Finished Spring Data repository scanning in 100 ms. Found 5 JPA repository interfaces.
WARNING: A restricted method in java.lang.System has been called
WARNING: java.lang.System::load has been called by org.apache.tomcat.jni.Library in an unnamed module (file:/C:/Users/Hema/.m2/repository/org/apache/tomcat/embed/tomcat-embed-core/10.1.20/tomcat-embed-core-10.1.20.jar)
WARNING: Use --enable-native-access=ALL-UNNAMED to avoid a warning for callers in this module
WARNING: Restricted methods will be blocked in a future release unless native access is enabled

2026-03-13T11:52:44.058+05:30  INFO 23880 --- [           main] o.s.b.w.embedded.tomcat.TomcatWebServer  : Tomcat initialized with port 8080 (http)
2026-03-13T11:52:44.084+05:30  INFO 23880 --- [           main] o.apache.catalina.core.StandardService   : Starting service [Tomcat]
2026-03-13T11:52:44.084+05:30  INFO 23880 --- [           main] o.apache.catalina.core.StandardEngine    : Starting Servlet engine: [Apache Tomcat/10.1.20]
2026-03-13T11:52:44.174+05:30  INFO 23880 --- [           main] o.a.c.c.C.[Tomcat].[localhost].[/]       : Initializing Spring embedded WebApplicationContext
2026-03-13T11:52:44.174+05:30  INFO 23880 --- [           main] w.s.c.ServletWebServerApplicationContext : Root WebApplicationContext: initialization completed in 2290 ms
2026-03-13T11:52:44.395+05:30  INFO 23880 --- [           main] o.hibernate.jpa.internal.util.LogHelper  : HHH000204: Processing PersistenceUnitInfo [name: default]
2026-03-13T11:52:44.538+05:30  INFO 23880 --- [           main] org.hibernate.Version                    : HHH000412: Hibernate ORM core version 6.4.4.Final
2026-03-13T11:52:44.618+05:30  INFO 23880 --- [           main] o.h.c.internal.RegionFactoryInitiator    : HHH000026: Second-level cache disabled
2026-03-13T11:52:45.038+05:30  INFO 23880 --- [           main] o.s.o.j.p.SpringPersistenceUnitInfo      : No LoadTimeWeaver setup: ignoring JPA class transformer
2026-03-13T11:52:45.087+05:30  INFO 23880 --- [           main] com.zaxxer.hikari.HikariDataSource       : HikariPool-1 - Starting...
2026-03-13T11:52:45.408+05:30  INFO 23880 --- [           main] com.zaxxer.hikari.pool.HikariPool        : HikariPool-1 - Added connection com.mysql.cj.jdbc.ConnectionImpl@7a55fb81
2026-03-13T11:52:45.410+05:30  INFO 23880 --- [           main] com.zaxxer.hikari.HikariDataSource       : HikariPool-1 - Start completed.
2026-03-13T11:52:45.491+05:30  WARN 23880 --- [           main] org.hibernate.orm.deprecation            : HHH90000025: MySQLDialect does not need to be specified explicitly using 'hibernate.dialect' (remove the property setting and it will be selected by default)
2026-03-13T11:52:47.263+05:30  INFO 23880 --- [           main] o.h.e.t.j.p.i.JtaPlatformInitiator       : HHH000489: No JTA platform available (set 'hibernate.transaction.jta.platform' to enable JTA platform integration)
2026-03-13T11:52:47.431+05:30  INFO 23880 --- [           main] j.LocalContainerEntityManagerFactoryBean : Initialized JPA EntityManagerFactory for persistence unit 'default'
2026-03-13T11:52:47.924+05:30 DEBUG 23880 --- [           main] c.h.resumematcher.config.JwtAuthFilter   : Filter 'jwtAuthFilter' configured for use
2026-03-13T11:52:48.209+05:30  WARN 23880 --- [           main] JpaBaseConfiguration$JpaWebConfiguration : spring.jpa.open-in-view is enabled by default. Therefore, database queries may be performed during view rendering. Explicitly configure spring.jpa.open-in-view to disable this warning
2026-03-13T11:52:48.682+05:30  INFO 23880 --- [           main] o.s.s.web.DefaultSecurityFilterChain     : Will secure any request with [org.springframework.security.web.session.DisableEncodeUrlFilter@52a9db63, org.springframework.security.web.context.request.async.WebAsyncManagerIntegrationFilter@402d76c7, org.springframework.security.web.context.SecurityContextHolderFilter@272f5373, org.springframework.security.web.header.HeaderWriterFilter@9d2c0ed, org.springframework.web.filter.CorsFilter@1f6ba47b, org.springframework.security.web.authentication.logout.LogoutFilter@61627c9d, com.hema.resumematcher.config.JwtAuthFilter@712c9bcf, org.springframework.security.web.savedrequest.RequestCacheAwareFilter@1f05d08c, org.springframework.security.web.servletapi.SecurityContextHolderAwareRequestFilter@2c6d442d, org.springframework.security.web.authentication.AnonymousAuthenticationFilter@27adb90f, org.springframework.security.web.session.SessionManagementFilter@574134ba, org.springframework.security.web.access.ExceptionTranslationFilter@20fdaf3e, org.springframework.security.web.access.intercept.AuthorizationFilter@779cb140]
2026-03-13T11:52:49.214+05:30  INFO 23880 --- [           main] o.s.b.w.embedded.tomcat.TomcatWebServer  : Tomcat started on port 8080 (http) with context path ''
2026-03-13T11:52:49.222+05:30  INFO 23880 --- [           main] c.h.r.ResumeMatcherApplication           : Started ResumeMatcherApplication in 8.218 seconds (process running for 8.825)
2026-03-13T11:54:19.590+05:30  INFO 23880 --- [nio-8080-exec-1] o.a.c.c.C.[Tomcat].[localhost].[/]       : Initializing Spring DispatcherServlet 'dispatcherServlet'
2026-03-13T11:54:19.591+05:30  INFO 23880 --- [nio-8080-exec-1] o.s.web.servlet.DispatcherServlet        : Initializing Servlet 'dispatcherServlet'
2026-03-13T11:54:19.592+05:30  INFO 23880 --- [nio-8080-exec-1] o.s.web.servlet.DispatcherServlet        : Completed initialization in 1 ms
Hibernate: 
    select
        u1_0.id 
    from
        users u1_0 
    where
        u1_0.email=? 
    limit
        ?
Hibernate: 
    insert 
    into
        users
        (email, name, password, role) 
    values
        (?, ?, ?, ?)
Hibernate: 
    select
        u1_0.id,
        u1_0.email,
        u1_0.name,
        u1_0.password,
        u1_0.role 
    from
        users u1_0 
    where
        u1_0.email=?
Hibernate: 
    select
        u1_0.id,
        u1_0.email,
        u1_0.name,
        u1_0.password,
        u1_0.role 
    from
        users u1_0 
    where
        u1_0.email=?
Hibernate: 
    select
        j1_0.id,
        j1_0.description,
        j1_0.posted_at,
        j1_0.recruiter_id,
        j1_0.required_experience,
        j1_0.title 
    from
        jobs j1_0 
    order by
        j1_0.id desc 
    limit
        ?, ?
Hibernate: 
    select
        u1_0.id,
        u1_0.email,
        u1_0.name,
        u1_0.password,
        u1_0.role 
    from
        users u1_0 
    where
        u1_0.id=?
Hibernate: 
    select
        u1_0.id,
        u1_0.email,
        u1_0.name,
        u1_0.password,
        u1_0.role 
    from
        users u1_0 
    where
        u1_0.id=?
Hibernate: 
    select
        rs1_0.job_id,
        rs1_1.id,
        rs1_1.name 
    from
        job_skills rs1_0 
    join
        skills rs1_1 
            on rs1_1.id=rs1_0.skill_id 
    where
        rs1_0.job_id=?
Hibernate: 
    select
        rs1_0.job_id,
        rs1_1.id,
        rs1_1.name 
    from
        job_skills rs1_0 
    join
        skills rs1_1 
            on rs1_1.id=rs1_0.skill_id 
    where
        rs1_0.job_id=?
Hibernate: 
    select
        rs1_0.job_id,
        rs1_1.id,
        rs1_1.name 
    from
        job_skills rs1_0 
    join
        skills rs1_1 
            on rs1_1.id=rs1_0.skill_id 
    where
        rs1_0.job_id=?
Hibernate: 
    select
        rs1_0.job_id,
        rs1_1.id,
        rs1_1.name 
    from
        job_skills rs1_0 
    join
        skills rs1_1 
            on rs1_1.id=rs1_0.skill_id 
    where
        rs1_0.job_id=?
Hibernate: 
    select
        rs1_0.job_id,
        rs1_1.id,
        rs1_1.name 
    from
        job_skills rs1_0 
    join
        skills rs1_1 
            on rs1_1.id=rs1_0.skill_id 
    where
        rs1_0.job_id=?
Hibernate: 
    select
        u1_0.id,
        u1_0.email,
        u1_0.name,
        u1_0.password,
        u1_0.role 
    from
        users u1_0 
    where
        u1_0.email=?
Hibernate: 
    select
        j1_0.id,
        j1_0.description,
        j1_0.posted_at,
        j1_0.recruiter_id,
        j1_0.required_experience,
        j1_0.title 
    from
        jobs j1_0 
    order by
        j1_0.id desc 
    limit
        ?, ?
Hibernate: 
    select
        u1_0.id,
        u1_0.email,
        u1_0.name,
        u1_0.password,
        u1_0.role 
    from
        users u1_0 
    where
        u1_0.id=?
Hibernate: 
    select
        u1_0.id,
        u1_0.email,
        u1_0.name,
        u1_0.password,
        u1_0.role 
    from
        users u1_0 
    where
        u1_0.id=?
Hibernate: 
    select
        rs1_0.job_id,
        rs1_1.id,
        rs1_1.name 
    from
        job_skills rs1_0 
    join
        skills rs1_1 
            on rs1_1.id=rs1_0.skill_id 
    where
        rs1_0.job_id=?
Hibernate: 
    select
        rs1_0.job_id,
        rs1_1.id,
        rs1_1.name 
    from
        job_skills rs1_0 
    join
        skills rs1_1 
            on rs1_1.id=rs1_0.skill_id 
    where
        rs1_0.job_id=?
Hibernate: 
    select
        rs1_0.job_id,
        rs1_1.id,
        rs1_1.name 
    from
        job_skills rs1_0 
    join
        skills rs1_1 
            on rs1_1.id=rs1_0.skill_id 
    where
        rs1_0.job_id=?
Hibernate: 
    select
        rs1_0.job_id,
        rs1_1.id,
        rs1_1.name 
    from
        job_skills rs1_0 
    join
        skills rs1_1 
            on rs1_1.id=rs1_0.skill_id 
    where
        rs1_0.job_id=?
Hibernate: 
    select
        rs1_0.job_id,
        rs1_1.id,
        rs1_1.name 
    from
        job_skills rs1_0 
    join
        skills rs1_1 
            on rs1_1.id=rs1_0.skill_id 
    where
        rs1_0.job_id=?
Hibernate: 
    select
        u1_0.id,
        u1_0.email,
        u1_0.name,
        u1_0.password,
        u1_0.role 
    from
        users u1_0 
    where
        u1_0.email=?
Hibernate: 
    select
        u1_0.id,
        u1_0.email,
        u1_0.name,
        u1_0.password,
        u1_0.role 
    from
        users u1_0 
    where
        u1_0.email=?
Hibernate: 
    select
        cp1_0.id,
        cp1_0.education,
        cp1_0.experience,
        cp1_0.resume_text,
        cp1_0.user_id 
    from
        candidate_profiles cp1_0 
    where
        cp1_0.user_id=?
Hibernate: 
    select
        u1_0.id,
        u1_0.email,
        u1_0.name,
        u1_0.password,
        u1_0.role 
    from
        users u1_0 
    where
        u1_0.email=?
Hibernate: 
    select
        u1_0.id,
        u1_0.email,
        u1_0.name,
        u1_0.password,
        u1_0.role 
    from
        users u1_0 
    where
        u1_0.email=?
Hibernate: 
    select
        cp1_0.id,
        cp1_0.education,
        cp1_0.experience,
        cp1_0.resume_text,
        cp1_0.user_id 
    from
        candidate_profiles cp1_0 
    where
        cp1_0.user_id=?
Hibernate: 
    select
        u1_0.id,
        u1_0.email,
        u1_0.name,
        u1_0.password,
        u1_0.role 
    from
        users u1_0 
    where
        u1_0.email=?
Hibernate: 
    select
        u1_0.id,
        u1_0.email,
        u1_0.name,
        u1_0.password,
        u1_0.role 
    from
        users u1_0 
    where
        u1_0.email=?
Hibernate: 
    select
        cp1_0.id,
        cp1_0.education,
        cp1_0.experience,
        cp1_0.resume_text,
        cp1_0.user_id 
    from
        candidate_profiles cp1_0 
    where
        cp1_0.user_id=?
Hibernate: 
    select
        u1_0.id,
        u1_0.email,
        u1_0.name,
        u1_0.password,
        u1_0.role 
    from
        users u1_0 
    where
        u1_0.email=?
Hibernate: 
    select
        u1_0.id,
        u1_0.email,
        u1_0.name,
        u1_0.password,
        u1_0.role 
    from
        users u1_0 
    where
        u1_0.email=?
Hibernate: 
    select
        cp1_0.id,
        cp1_0.education,
        cp1_0.experience,
        cp1_0.resume_text,
        cp1_0.user_id 
    from
        candidate_profiles cp1_0 
    where
        cp1_0.user_id=?
Hibernate: 
    select
        u1_0.id,
        u1_0.email,
        u1_0.name,
        u1_0.password,
        u1_0.role 
    from
        users u1_0 
    where
        u1_0.email=?
Hibernate: 
    select
        j1_0.id,
        j1_0.description,
        j1_0.posted_at,
        j1_0.recruiter_id,
        j1_0.required_experience,
        j1_0.title 
    from
        jobs j1_0 
    order by
        j1_0.id desc 
    limit
        ?, ?
Hibernate: 
    select
        u1_0.id,
        u1_0.email,
        u1_0.name,
        u1_0.password,
        u1_0.role 
    from
        users u1_0 
    where
        u1_0.id=?
Hibernate: 
    select
        u1_0.id,
        u1_0.email,
        u1_0.name,
        u1_0.password,
        u1_0.role 
    from
        users u1_0 
    where
        u1_0.id=?
Hibernate: 
    select
        rs1_0.job_id,
        rs1_1.id,
        rs1_1.name 
    from
        job_skills rs1_0 
    join
        skills rs1_1 
            on rs1_1.id=rs1_0.skill_id 
    where
        rs1_0.job_id=?
Hibernate: 
    select
        rs1_0.job_id,
        rs1_1.id,
        rs1_1.name 
    from
        job_skills rs1_0 
    join
        skills rs1_1 
            on rs1_1.id=rs1_0.skill_id 
    where
        rs1_0.job_id=?
Hibernate: 
    select
        rs1_0.job_id,
        rs1_1.id,
        rs1_1.name 
    from
        job_skills rs1_0 
    join
        skills rs1_1 
            on rs1_1.id=rs1_0.skill_id 
    where
        rs1_0.job_id=?
Hibernate: 
    select
        rs1_0.job_id,
        rs1_1.id,
        rs1_1.name 
    from
        job_skills rs1_0 
    join
        skills rs1_1 
            on rs1_1.id=rs1_0.skill_id 
    where
        rs1_0.job_id=?
Hibernate: 
    select
        rs1_0.job_id,
        rs1_1.id,
        rs1_1.name 
    from
        job_skills rs1_0 
    join
        skills rs1_1 
            on rs1_1.id=rs1_0.skill_id 
    where
        rs1_0.job_id=?
Hibernate: 
    select
        u1_0.id,
        u1_0.email,
        u1_0.name,
        u1_0.password,
        u1_0.role 
    from
        users u1_0 
    where
        u1_0.email=?
Hibernate: 
    select
        j1_0.id,
        j1_0.description,
        j1_0.posted_at,
        j1_0.recruiter_id,
        j1_0.required_experience,
        j1_0.title 
    from
        jobs j1_0 
    order by
        j1_0.id desc 
    limit
        ?, ?
Hibernate: 
    select
        u1_0.id,
        u1_0.email,
        u1_0.name,
        u1_0.password,
        u1_0.role 
    from
        users u1_0 
    where
        u1_0.id=?
Hibernate: 
    select
        u1_0.id,
        u1_0.email,
        u1_0.name,
        u1_0.password,
        u1_0.role 
    from
        users u1_0 
    where
        u1_0.id=?
Hibernate: 
    select
        rs1_0.job_id,
        rs1_1.id,
        rs1_1.name 
    from
        job_skills rs1_0 
    join
        skills rs1_1 
            on rs1_1.id=rs1_0.skill_id 
    where
        rs1_0.job_id=?
Hibernate: 
    select
        rs1_0.job_id,
        rs1_1.id,
        rs1_1.name 
    from
        job_skills rs1_0 
    join
        skills rs1_1 
            on rs1_1.id=rs1_0.skill_id 
    where
        rs1_0.job_id=?
Hibernate: 
    select
        rs1_0.job_id,
        rs1_1.id,
        rs1_1.name 
    from
        job_skills rs1_0 
    join
        skills rs1_1 
            on rs1_1.id=rs1_0.skill_id 
    where
        rs1_0.job_id=?
Hibernate: 
    select
        rs1_0.job_id,
        rs1_1.id,
        rs1_1.name 
    from
        job_skills rs1_0 
    join
        skills rs1_1 
            on rs1_1.id=rs1_0.skill_id 
    where
        rs1_0.job_id=?
Hibernate: 
    select
        rs1_0.job_id,
        rs1_1.id,
        rs1_1.name 
    from
        job_skills rs1_0 
    join
        skills rs1_1 
            on rs1_1.id=rs1_0.skill_id 
    where
        rs1_0.job_id=?
Hibernate: 
    select
        u1_0.id,
        u1_0.email,
        u1_0.name,
        u1_0.password,
        u1_0.role 
    from
        users u1_0 
    where
        u1_0.email=?
Hibernate: 
    select
        u1_0.id,
        u1_0.email,
        u1_0.name,
        u1_0.password,
        u1_0.role 
    from
        users u1_0 
    where
        u1_0.email=?
Hibernate: 
    select
        u1_0.id,
        u1_0.email,
        u1_0.name,
        u1_0.password,
        u1_0.role 
    from
        users u1_0 
    where
        u1_0.email=?
Hibernate: 
    select
        j1_0.id,
        j1_0.description,
        j1_0.posted_at,
        j1_0.recruiter_id,
        j1_0.required_experience,
        j1_0.title 
    from
        jobs j1_0 
    where
        j1_0.recruiter_id=?
Hibernate: 
    select
        rs1_0.job_id,
        rs1_1.id,
        rs1_1.name 
    from
        job_skills rs1_0 
    join
        skills rs1_1 
            on rs1_1.id=rs1_0.skill_id 
    where
        rs1_0.job_id=?
Hibernate: 
    select
        rs1_0.job_id,
        rs1_1.id,
        rs1_1.name 
    from
        job_skills rs1_0 
    join
        skills rs1_1 
            on rs1_1.id=rs1_0.skill_id 
    where
        rs1_0.job_id=?
Hibernate: 
    select
        rs1_0.job_id,
        rs1_1.id,
        rs1_1.name 
    from
        job_skills rs1_0 
    join
        skills rs1_1 
            on rs1_1.id=rs1_0.skill_id 
    where
        rs1_0.job_id=?
Hibernate: 
    select
        rs1_0.job_id,
        rs1_1.id,
        rs1_1.name 
    from
        job_skills rs1_0 
    join
        skills rs1_1 
            on rs1_1.id=rs1_0.skill_id 
    where
        rs1_0.job_id=?
Hibernate: 
    select
        u1_0.id,
        u1_0.email,
        u1_0.name,
        u1_0.password,
        u1_0.role 
    from
        users u1_0 
    where
        u1_0.email=?
Hibernate: 
    select
        u1_0.id,
        u1_0.email,
        u1_0.name,
        u1_0.password,
        u1_0.role 
    from
        users u1_0 
    where
        u1_0.email=?
Hibernate: 
    select
        j1_0.id,
        j1_0.description,
        j1_0.posted_at,
        j1_0.recruiter_id,
        j1_0.required_experience,
        j1_0.title 
    from
        jobs j1_0 
    where
        j1_0.recruiter_id=?
Hibernate: 
    select
        rs1_0.job_id,
        rs1_1.id,
        rs1_1.name 
    from
        job_skills rs1_0 
    join
        skills rs1_1 
            on rs1_1.id=rs1_0.skill_id 
    where
        rs1_0.job_id=?
Hibernate: 
    select
        rs1_0.job_id,
        rs1_1.id,
        rs1_1.name 
    from
        job_skills rs1_0 
    join
        skills rs1_1 
            on rs1_1.id=rs1_0.skill_id 
    where
        rs1_0.job_id=?
Hibernate: 
    select
        rs1_0.job_id,
        rs1_1.id,
        rs1_1.name 
    from
        job_skills rs1_0 
    join
        skills rs1_1 
            on rs1_1.id=rs1_0.skill_id 
    where
        rs1_0.job_id=?
Hibernate: 
    select
        rs1_0.job_id,
        rs1_1.id,
        rs1_1.name 
    from
        job_skills rs1_0 
    join
        skills rs1_1 
            on rs1_1.id=rs1_0.skill_id 
    where
        rs1_0.job_id=?
Hibernate: 
    select
        u1_0.id,
        u1_0.email,
        u1_0.name,
        u1_0.password,
        u1_0.role 
    from
        users u1_0 
    where
        u1_0.email=?
Hibernate: 
    select
        j1_0.id,
        j1_0.description,
        j1_0.posted_at,
        r1_0.id,
        r1_0.email,
        r1_0.name,
        r1_0.password,
        r1_0.role,
        j1_0.required_experience,
        rs1_0.job_id,
        rs1_1.id,
        rs1_1.name,
        j1_0.title 
    from
        jobs j1_0 
    left join
        users r1_0 
            on r1_0.id=j1_0.recruiter_id 
    left join
        job_skills rs1_0 
            on j1_0.id=rs1_0.job_id 
    left join
        skills rs1_1 
            on rs1_1.id=rs1_0.skill_id 
    where
        j1_0.id=?
Hibernate: 
    select
        a1_0.id,
        a1_0.applied_at,
        a1_0.candidate_id,
        a1_0.job_id,
        a1_0.match_score 
    from
        applications a1_0 
    where
        a1_0.job_id=?
Hibernate: 
    delete 
    from
        job_skills 
    where
        job_id=?
Hibernate: 
    delete 
    from
        jobs 
    where
        id=?
Hibernate: 
    select
        u1_0.id,
        u1_0.email,
        u1_0.name,
        u1_0.password,
        u1_0.role 
    from
        users u1_0 
    where
        u1_0.email=?
Hibernate: 
    select
        u1_0.id,
        u1_0.email,
        u1_0.name,
        u1_0.password,
        u1_0.role 
    from
        users u1_0 
    where
        u1_0.email=?
Hibernate: 
    select
        j1_0.id,
        j1_0.description,
        j1_0.posted_at,
        j1_0.recruiter_id,
        j1_0.required_experience,
        j1_0.title 
    from
        jobs j1_0 
    where
        j1_0.recruiter_id=?
Hibernate: 
    select
        rs1_0.job_id,
        rs1_1.id,
        rs1_1.name 
    from
        job_skills rs1_0 
    join
        skills rs1_1 
            on rs1_1.id=rs1_0.skill_id 
    where
        rs1_0.job_id=?
Hibernate: 
    select
        rs1_0.job_id,
        rs1_1.id,
        rs1_1.name 
    from
        job_skills rs1_0 
    join
        skills rs1_1 
            on rs1_1.id=rs1_0.skill_id 
    where
        rs1_0.job_id=?
Hibernate: 
    select
        rs1_0.job_id,
        rs1_1.id,
        rs1_1.name 
    from
        job_skills rs1_0 
    join
        skills rs1_1 
            on rs1_1.id=rs1_0.skill_id 
    where
        rs1_0.job_id=?
Hibernate: 
    select
        u1_0.id,
        u1_0.email,
        u1_0.name,
        u1_0.password,
        u1_0.role 
    from
        users u1_0 
    where
        u1_0.email=?
Hibernate: 
    select
        u1_0.id,
        u1_0.email,
        u1_0.name,
        u1_0.password,
        u1_0.role 
    from
        users u1_0 
    where
        u1_0.email=?
Hibernate: 
    select
        j1_0.id,
        j1_0.description,
        j1_0.posted_at,
        j1_0.recruiter_id,
        j1_0.required_experience,
        j1_0.title 
    from
        jobs j1_0 
    where
        j1_0.recruiter_id=?
Hibernate: 
    select
        rs1_0.job_id,
        rs1_1.id,
        rs1_1.name 
    from
        job_skills rs1_0 
    join
        skills rs1_1 
            on rs1_1.id=rs1_0.skill_id 
    where
        rs1_0.job_id=?
Hibernate: 
    select
        rs1_0.job_id,
        rs1_1.id,
        rs1_1.name 
    from
        job_skills rs1_0 
    join
        skills rs1_1 
            on rs1_1.id=rs1_0.skill_id 
    where
        rs1_0.job_id=?
Hibernate: 
    select
        rs1_0.job_id,
        rs1_1.id,
        rs1_1.name 
    from
        job_skills rs1_0 
    join
        skills rs1_1 
            on rs1_1.id=rs1_0.skill_id 
    where
        rs1_0.job_id=?
Hibernate: 
    select
        u1_0.id,
        u1_0.email,
        u1_0.name,
        u1_0.password,
        u1_0.role 
    from
        users u1_0 
    where
        u1_0.email=?
Hibernate: 
    select
        j1_0.id,
        j1_0.description,
        j1_0.posted_at,
        r1_0.id,
        r1_0.email,
        r1_0.name,
        r1_0.password,
        r1_0.role,
        j1_0.required_experience,
        rs1_0.job_id,
        rs1_1.id,
        rs1_1.name,
        j1_0.title 
    from
        jobs j1_0 
    left join
        users r1_0 
            on r1_0.id=j1_0.recruiter_id 
    left join
        job_skills rs1_0 
            on j1_0.id=rs1_0.job_id 
    left join
        skills rs1_1 
            on rs1_1.id=rs1_0.skill_id 
    where
        j1_0.id=?
Hibernate: 
    select
        a1_0.id,
        a1_0.applied_at,
        a1_0.candidate_id,
        a1_0.job_id,
        a1_0.match_score 
    from
        applications a1_0 
    where
        a1_0.job_id=? 
    order by
        a1_0.match_score desc
Hibernate: 
    select
        cp1_0.id,
        cp1_0.education,
        cp1_0.experience,
        cp1_0.resume_text,
        s1_0.candidate_id,
        s1_1.id,
        s1_1.name,
        u1_0.id,
        u1_0.email,
        u1_0.name,
        u1_0.password,
        u1_0.role 
    from
        candidate_profiles cp1_0 
    left join
        candidate_skills s1_0 
            on cp1_0.id=s1_0.candidate_id 
    left join
        skills s1_1 
            on s1_1.id=s1_0.skill_id 
    left join
        users u1_0 
            on u1_0.id=cp1_0.user_id 
    where
        cp1_0.id=?
Hibernate: 
    select
        u1_0.id,
        u1_0.email,
        u1_0.name,
        u1_0.password,
        u1_0.role 
    from
        users u1_0 
    where
        u1_0.email=?
Hibernate: 
    select
        j1_0.id,
        j1_0.description,
        j1_0.posted_at,
        r1_0.id,
        r1_0.email,
        r1_0.name,
        r1_0.password,
        r1_0.role,
        j1_0.required_experience,
        rs1_0.job_id,
        rs1_1.id,
        rs1_1.name,
        j1_0.title 
    from
        jobs j1_0 
    left join
        users r1_0 
            on r1_0.id=j1_0.recruiter_id 
    left join
        job_skills rs1_0 
            on j1_0.id=rs1_0.job_id 
    left join
        skills rs1_1 
            on rs1_1.id=rs1_0.skill_id 
    where
        j1_0.id=?
Hibernate: 
    select
        a1_0.id,
        a1_0.applied_at,
        a1_0.candidate_id,
        a1_0.job_id,
        a1_0.match_score 
    from
        applications a1_0 
    where
        a1_0.job_id=? 
    order by
        a1_0.match_score desc
Hibernate: 
    select
        cp1_0.id,
        cp1_0.education,
        cp1_0.experience,
        cp1_0.resume_text,
        s1_0.candidate_id,
        s1_1.id,
        s1_1.name,
        u1_0.id,
        u1_0.email,
        u1_0.name,
        u1_0.password,
        u1_0.role 
    from
        candidate_profiles cp1_0 
    left join
        candidate_skills s1_0 
            on cp1_0.id=s1_0.candidate_id 
    left join
        skills s1_1 
            on s1_1.id=s1_0.skill_id 
    left join
        users u1_0 
            on u1_0.id=cp1_0.user_id 
    where
        cp1_0.id=?
Hibernate: 
    select
        u1_0.id,
        u1_0.email,
        u1_0.name,
        u1_0.password,
        u1_0.role 
    from
        users u1_0 
    where
        u1_0.email=?
Hibernate: 
    select
        j1_0.id,
        j1_0.description,
        j1_0.posted_at,
        r1_0.id,
        r1_0.email,
        r1_0.name,
        r1_0.password,
        r1_0.role,
        j1_0.required_experience,
        rs1_0.job_id,
        rs1_1.id,
        rs1_1.name,
        j1_0.title 
    from
        jobs j1_0 
    left join
        users r1_0 
            on r1_0.id=j1_0.recruiter_id 
    left join
        job_skills rs1_0 
            on j1_0.id=rs1_0.job_id 
    left join
        skills rs1_1 
            on rs1_1.id=rs1_0.skill_id 
    where
        j1_0.id=?
Hibernate: 
    select
        a1_0.id,
        a1_0.applied_at,
        a1_0.candidate_id,
        a1_0.job_id,
        a1_0.match_score 
    from
        applications a1_0 
    where
        a1_0.job_id=? 
    order by
        a1_0.match_score desc
Hibernate: 
    select
        u1_0.id,
        u1_0.email,
        u1_0.name,
        u1_0.password,
        u1_0.role 
    from
        users u1_0 
    where
        u1_0.email=?
Hibernate: 
    select
        u1_0.id,
        u1_0.email,
        u1_0.name,
        u1_0.password,
        u1_0.role 
    from
        users u1_0 
    where
        u1_0.email=?
Hibernate: 
    select
        j1_0.id,
        j1_0.description,
        j1_0.posted_at,
        j1_0.recruiter_id,
        j1_0.required_experience,
        j1_0.title 
    from
        jobs j1_0 
    where
        j1_0.recruiter_id=?
Hibernate: 
    select
        rs1_0.job_id,
        rs1_1.id,
        rs1_1.name 
    from
        job_skills rs1_0 
    join
        skills rs1_1 
            on rs1_1.id=rs1_0.skill_id 
    where
        rs1_0.job_id=?
Hibernate: 
    select
        rs1_0.job_id,
        rs1_1.id,
        rs1_1.name 
    from
        job_skills rs1_0 
    join
        skills rs1_1 
            on rs1_1.id=rs1_0.skill_id 
    where
        rs1_0.job_id=?
Hibernate: 
    select
        rs1_0.job_id,
        rs1_1.id,
        rs1_1.name 
    from
        job_skills rs1_0 
    join
        skills rs1_1 
            on rs1_1.id=rs1_0.skill_id 
    where
        rs1_0.job_id=?
Hibernate: 
    select
        u1_0.id,
        u1_0.email,
        u1_0.name,
        u1_0.password,
        u1_0.role 
    from
        users u1_0 
    where
        u1_0.email=?
Hibernate: 
    select
        u1_0.id,
        u1_0.email,
        u1_0.name,
        u1_0.password,
        u1_0.role 
    from
        users u1_0 
    where
        u1_0.email=?
Hibernate: 
    select
        j1_0.id,
        j1_0.description,
        j1_0.posted_at,
        j1_0.recruiter_id,
        j1_0.required_experience,
        j1_0.title 
    from
        jobs j1_0 
    where
        j1_0.recruiter_id=?
Hibernate: 
    select
        rs1_0.job_id,
        rs1_1.id,
        rs1_1.name 
    from
        job_skills rs1_0 
    join
        skills rs1_1 
            on rs1_1.id=rs1_0.skill_id 
    where
        rs1_0.job_id=?
Hibernate: 
    select
        rs1_0.job_id,
        rs1_1.id,
        rs1_1.name 
    from
        job_skills rs1_0 
    join
        skills rs1_1 
            on rs1_1.id=rs1_0.skill_id 
    where
        rs1_0.job_id=?
Hibernate: 
    select
        rs1_0.job_id,
        rs1_1.id,
        rs1_1.name 
    from
        job_skills rs1_0 
    join
        skills rs1_1 
            on rs1_1.id=rs1_0.skill_id 
    where
        rs1_0.job_id=?
Hibernate: 
    select
        u1_0.id,
        u1_0.email,
        u1_0.name,
        u1_0.password,
        u1_0.role 
    from
        users u1_0 
    where
        u1_0.email=?
Hibernate: 
    select
        j1_0.id,
        j1_0.description,
        j1_0.posted_at,
        r1_0.id,
        r1_0.email,
        r1_0.name,
        r1_0.password,
        r1_0.role,
        j1_0.required_experience,
        rs1_0.job_id,
        rs1_1.id,
        rs1_1.name,
        j1_0.title 
    from
        jobs j1_0 
    left join
        users r1_0 
            on r1_0.id=j1_0.recruiter_id 
    left join
        job_skills rs1_0 
            on j1_0.id=rs1_0.job_id 
    left join
        skills rs1_1 
            on rs1_1.id=rs1_0.skill_id 
    where
        j1_0.id=?
Hibernate: 
    select
        a1_0.id,
        a1_0.applied_at,
        a1_0.candidate_id,
        a1_0.job_id,
        a1_0.match_score 
    from
        applications a1_0 
    where
        a1_0.job_id=? 
    order by
        a1_0.match_score desc
Hibernate: 
    select
        cp1_0.id,
        cp1_0.education,
        cp1_0.experience,
        cp1_0.resume_text,
        s1_0.candidate_id,
        s1_1.id,
        s1_1.name,
        u1_0.id,
        u1_0.email,
        u1_0.name,
        u1_0.password,
        u1_0.role 
    from
        candidate_profiles cp1_0 
    left join
        candidate_skills s1_0 
            on cp1_0.id=s1_0.candidate_id 
    left join
        skills s1_1 
            on s1_1.id=s1_0.skill_id 
    left join
        users u1_0 
            on u1_0.id=cp1_0.user_id 
    where
        cp1_0.id=?
Hibernate: 
    select
        u1_0.id,
        u1_0.email,
        u1_0.name,
        u1_0.password,
        u1_0.role 
    from
        users u1_0 
    where
        u1_0.email=?
Hibernate: 
    select
        j1_0.id,
        j1_0.description,
        j1_0.posted_at,
        r1_0.id,
        r1_0.email,
        r1_0.name,
        r1_0.password,
        r1_0.role,
        j1_0.required_experience,
        rs1_0.job_id,
        rs1_1.id,
        rs1_1.name,
        j1_0.title 
    from
        jobs j1_0 
    left join
        users r1_0 
            on r1_0.id=j1_0.recruiter_id 
    left join
        job_skills rs1_0 
            on j1_0.id=rs1_0.job_id 
    left join
        skills rs1_1 
            on rs1_1.id=rs1_0.skill_id 
    where
        j1_0.id=?
Hibernate: 
    select
        a1_0.id,
        a1_0.applied_at,
        a1_0.candidate_id,
        a1_0.job_id,
        a1_0.match_score 
    from
        applications a1_0 
    where
        a1_0.job_id=? 
    order by
        a1_0.match_score desc
Hibernate: 
    select
        cp1_0.id,
        cp1_0.education,
        cp1_0.experience,
        cp1_0.resume_text,
        s1_0.candidate_id,
        s1_1.id,
        s1_1.name,
        u1_0.id,
        u1_0.email,
        u1_0.name,
        u1_0.password,
        u1_0.role 
    from
        candidate_profiles cp1_0 
    left join
        candidate_skills s1_0 
            on cp1_0.id=s1_0.candidate_id 
    left join
        skills s1_1 
            on s1_1.id=s1_0.skill_id 
    left join
        users u1_0 
            on u1_0.id=cp1_0.user_id 
    where
        cp1_0.id=?
Hibernate: 
    select
        u1_0.id,
        u1_0.email,
        u1_0.name,
        u1_0.password,
        u1_0.role 
    from
        users u1_0 
    where
        u1_0.email=?
Hibernate: 
    select
        u1_0.id,
        u1_0.email,
        u1_0.name,
        u1_0.password,
        u1_0.role 
    from
        users u1_0 
    where
        u1_0.email=?
Hibernate: 
    select
        j1_0.id,
        j1_0.description,
        j1_0.posted_at,
        j1_0.recruiter_id,
        j1_0.required_experience,
        j1_0.title 
    from
        jobs j1_0 
    where
        j1_0.recruiter_id=?
Hibernate: 
    select
        rs1_0.job_id,
        rs1_1.id,
        rs1_1.name 
    from
        job_skills rs1_0 
    join
        skills rs1_1 
            on rs1_1.id=rs1_0.skill_id 
    where
        rs1_0.job_id=?
Hibernate: 
    select
        rs1_0.job_id,
        rs1_1.id,
        rs1_1.name 
    from
        job_skills rs1_0 
    join
        skills rs1_1 
            on rs1_1.id=rs1_0.skill_id 
    where
        rs1_0.job_id=?
Hibernate: 
    select
        rs1_0.job_id,
        rs1_1.id,
        rs1_1.name 
    from
        job_skills rs1_0 
    join
        skills rs1_1 
            on rs1_1.id=rs1_0.skill_id 
    where
        rs1_0.job_id=?
Hibernate: 
    select
        u1_0.id,
        u1_0.email,
        u1_0.name,
        u1_0.password,
        u1_0.role 
    from
        users u1_0 
    where
        u1_0.email=?
Hibernate: 
    select
        u1_0.id,
        u1_0.email,
        u1_0.name,
        u1_0.password,
        u1_0.role 
    from
        users u1_0 
    where
        u1_0.email=?
Hibernate: 
    select
        j1_0.id,
        j1_0.description,
        j1_0.posted_at,
        j1_0.recruiter_id,
        j1_0.required_experience,
        j1_0.title 
    from
        jobs j1_0 
    where
        j1_0.recruiter_id=?
Hibernate: 
    select
        rs1_0.job_id,
        rs1_1.id,
        rs1_1.name 
    from
        job_skills rs1_0 
    join
        skills rs1_1 
            on rs1_1.id=rs1_0.skill_id 
    where
        rs1_0.job_id=?
Hibernate: 
    select
        rs1_0.job_id,
        rs1_1.id,
        rs1_1.name 
    from
        job_skills rs1_0 
    join
        skills rs1_1 
            on rs1_1.id=rs1_0.skill_id 
    where
        rs1_0.job_id=?
Hibernate: 
    select
        rs1_0.job_id,
        rs1_1.id,
        rs1_1.name 
    from
        job_skills rs1_0 
    join
        skills rs1_1 
            on rs1_1.id=rs1_0.skill_id 
    where
        rs1_0.job_id=?
Hibernate: 
    select
        u1_0.id,
        u1_0.email,
        u1_0.name,
        u1_0.password,
        u1_0.role 
    from
        users u1_0 
    where
        u1_0.email=?
Hibernate: 
    select
        u1_0.id,
        u1_0.email,
        u1_0.name,
        u1_0.password,
        u1_0.role 
    from
        users u1_0 
    where
        u1_0.email=?
Hibernate: 
    select
        j1_0.id,
        j1_0.description,
        j1_0.posted_at,
        j1_0.recruiter_id,
        j1_0.required_experience,
        j1_0.title 
    from
        jobs j1_0 
    where
        j1_0.recruiter_id=?
Hibernate: 
    select
        rs1_0.job_id,
        rs1_1.id,
        rs1_1.name 
    from
        job_skills rs1_0 
    join
        skills rs1_1 
            on rs1_1.id=rs1_0.skill_id 
    where
        rs1_0.job_id=?
Hibernate: 
    select
        rs1_0.job_id,
        rs1_1.id,
        rs1_1.name 
    from
        job_skills rs1_0 
    join
        skills rs1_1 
            on rs1_1.id=rs1_0.skill_id 
    where
        rs1_0.job_id=?
Hibernate: 
    select
        rs1_0.job_id,
        rs1_1.id,
        rs1_1.name 
    from
        job_skills rs1_0 
    join
        skills rs1_1 
            on rs1_1.id=rs1_0.skill_id 
    where
        rs1_0.job_id=?
Hibernate: 
    select
        u1_0.id,
        u1_0.email,
        u1_0.name,
        u1_0.password,
        u1_0.role 
    from
        users u1_0 
    where
        u1_0.email=?
Hibernate: 
    select
        u1_0.id,
        u1_0.email,
        u1_0.name,
        u1_0.password,
        u1_0.role 
    from
        users u1_0 
    where
        u1_0.email=?
Hibernate: 
    select
        j1_0.id,
        j1_0.description,
        j1_0.posted_at,
        j1_0.recruiter_id,
        j1_0.required_experience,
        j1_0.title 
    from
        jobs j1_0 
    where
        j1_0.recruiter_id=?
Hibernate: 
    select
        rs1_0.job_id,
        rs1_1.id,
        rs1_1.name 
    from
        job_skills rs1_0 
    join
        skills rs1_1 
            on rs1_1.id=rs1_0.skill_id 
    where
        rs1_0.job_id=?
Hibernate: 
    select
        rs1_0.job_id,
        rs1_1.id,
        rs1_1.name 
    from
        job_skills rs1_0 
    join
        skills rs1_1 
            on rs1_1.id=rs1_0.skill_id 
    where
        rs1_0.job_id=?
Hibernate: 
    select
        rs1_0.job_id,
        rs1_1.id,
        rs1_1.name 
    from
        job_skills rs1_0 
    join
        skills rs1_1 
            on rs1_1.id=rs1_0.skill_id 
    where
        rs1_0.job_id=?
Hibernate: 
    select
        u1_0.id,
        u1_0.email,
        u1_0.name,
        u1_0.password,
        u1_0.role 
    from
        users u1_0 
    where
        u1_0.email=?
Hibernate: 
    select
        u1_0.id,
        u1_0.email,
        u1_0.name,
        u1_0.password,
        u1_0.role 
    from
        users u1_0 
    where
        u1_0.email=?
Hibernate: 
    select
        u1_0.id,
        u1_0.email,
        u1_0.name,
        u1_0.password,
        u1_0.role 
    from
        users u1_0 
    where
        u1_0.email=?
Hibernate: 
    select
        j1_0.id,
        j1_0.description,
        j1_0.posted_at,
        r1_0.id,
        r1_0.email,
        r1_0.name,
        r1_0.password,
        r1_0.role,
        j1_0.required_experience,
        rs1_0.job_id,
        rs1_1.id,
        rs1_1.name,
        j1_0.title 
    from
        jobs j1_0 
    left join
        users r1_0 
            on r1_0.id=j1_0.recruiter_id 
    left join
        job_skills rs1_0 
            on j1_0.id=rs1_0.job_id 
    left join
        skills rs1_1 
            on rs1_1.id=rs1_0.skill_id 
    where
        j1_0.id=?
Hibernate: 
    select
        j1_0.id,
        j1_0.description,
        j1_0.posted_at,
        r1_0.id,
        r1_0.email,
        r1_0.name,
        r1_0.password,
        r1_0.role,
        j1_0.required_experience,
        rs1_0.job_id,
        rs1_1.id,
        rs1_1.name,
        j1_0.title 
    from
        jobs j1_0 
    left join
        users r1_0 
            on r1_0.id=j1_0.recruiter_id 
    left join
        job_skills rs1_0 
            on j1_0.id=rs1_0.job_id 
    left join
        skills rs1_1 
            on rs1_1.id=rs1_0.skill_id 
    where
        j1_0.id=?
Hibernate: 
    select
        a1_0.id,
        a1_0.applied_at,
        a1_0.candidate_id,
        a1_0.job_id,
        a1_0.match_score 
    from
        applications a1_0 
    where
        a1_0.job_id=? 
    order by
        a1_0.match_score desc
Hibernate: 
    select
        j1_0.id,
        j1_0.description,
        j1_0.posted_at,
        r1_0.id,
        r1_0.email,
        r1_0.name,
        r1_0.password,
        r1_0.role,
        j1_0.required_experience,
        rs1_0.job_id,
        rs1_1.id,
        rs1_1.name,
        j1_0.title 
    from
        jobs j1_0 
    left join
        users r1_0 
            on r1_0.id=j1_0.recruiter_id 
    left join
        job_skills rs1_0 
            on j1_0.id=rs1_0.job_id 
    left join
        skills rs1_1 
            on rs1_1.id=rs1_0.skill_id 
    where
        j1_0.id=?
Hibernate: 
    select
        cp1_0.id,
        cp1_0.education,
        cp1_0.experience,
        cp1_0.resume_text,
        s1_0.candidate_id,
        s1_1.id,
        s1_1.name,
        u1_0.id,
        u1_0.email,
        u1_0.name,
        u1_0.password,
        u1_0.role 
    from
        candidate_profiles cp1_0 
    left join
        candidate_skills s1_0 
            on cp1_0.id=s1_0.candidate_id 
    left join
        skills s1_1 
            on s1_1.id=s1_0.skill_id 
    left join
        users u1_0 
            on u1_0.id=cp1_0.user_id 
    where
        cp1_0.id=?
Hibernate: 
    select
        a1_0.id,
        a1_0.applied_at,
        a1_0.candidate_id,
        a1_0.job_id,
        a1_0.match_score 
    from
        applications a1_0 
    where
        a1_0.job_id=? 
    order by
        a1_0.match_score desc
Hibernate: 
    select
        a1_0.id,
        a1_0.applied_at,
        a1_0.candidate_id,
        a1_0.job_id,
        a1_0.match_score 
    from
        applications a1_0 
    where
        a1_0.job_id=? 
    order by
        a1_0.match_score desc
Hibernate: 
    select
        cp1_0.id,
        cp1_0.education,
        cp1_0.experience,
        cp1_0.resume_text,
        s1_0.candidate_id,
        s1_1.id,
        s1_1.name,
        u1_0.id,
        u1_0.email,
        u1_0.name,
        u1_0.password,
        u1_0.role 
    from
        candidate_profiles cp1_0 
    left join
        candidate_skills s1_0 
            on cp1_0.id=s1_0.candidate_id 
    left join
        skills s1_1 
            on s1_1.id=s1_0.skill_id 
    left join
        users u1_0 
            on u1_0.id=cp1_0.user_id 
    where
        cp1_0.id=?
Hibernate: 
    select
        u1_0.id,
        u1_0.email,
        u1_0.name,
        u1_0.password,
        u1_0.role 
    from
        users u1_0 
    where
        u1_0.email=?
Hibernate: 
    select
        u1_0.id,
        u1_0.email,
        u1_0.name,
        u1_0.password,
        u1_0.role 
    from
        users u1_0 
    where
        u1_0.email=?
Hibernate: 
    select
        u1_0.id,
        u1_0.email,
        u1_0.name,
        u1_0.password,
        u1_0.role 
    from
        users u1_0 
    where
        u1_0.email=?
Hibernate: 
    select
        j1_0.id,
        j1_0.description,
        j1_0.posted_at,
        r1_0.id,
        r1_0.email,
        r1_0.name,
        r1_0.password,
        r1_0.role,
        j1_0.required_experience,
        rs1_0.job_id,
        rs1_1.id,
        rs1_1.name,
        j1_0.title 
    from
        jobs j1_0 
    left join
        users r1_0 
            on r1_0.id=j1_0.recruiter_id 
    left join
        job_skills rs1_0 
            on j1_0.id=rs1_0.job_id 
    left join
        skills rs1_1 
            on rs1_1.id=rs1_0.skill_id 
    where
        j1_0.id=?
Hibernate: 
    select
        j1_0.id,
        j1_0.description,
        j1_0.posted_at,
        r1_0.id,
        r1_0.email,
        r1_0.name,
        r1_0.password,
        r1_0.role,
        j1_0.required_experience,
        rs1_0.job_id,
        rs1_1.id,
        rs1_1.name,
        j1_0.title 
    from
        jobs j1_0 
    left join
        users r1_0 
            on r1_0.id=j1_0.recruiter_id 
    left join
        job_skills rs1_0 
            on j1_0.id=rs1_0.job_id 
    left join
        skills rs1_1 
            on rs1_1.id=rs1_0.skill_id 
    where
        j1_0.id=?
Hibernate: 
    select
        a1_0.id,
        a1_0.applied_at,
        a1_0.candidate_id,
        a1_0.job_id,
        a1_0.match_score 
    from
        applications a1_0 
    where
        a1_0.job_id=? 
    order by
        a1_0.match_score desc
Hibernate: 
    select
        cp1_0.id,
        cp1_0.education,
        cp1_0.experience,
        cp1_0.resume_text,
        s1_0.candidate_id,
        s1_1.id,
        s1_1.name,
        u1_0.id,
        u1_0.email,
        u1_0.name,
        u1_0.password,
        u1_0.role 
    from
        candidate_profiles cp1_0 
    left join
        candidate_skills s1_0 
            on cp1_0.id=s1_0.candidate_id 
    left join
        skills s1_1 
            on s1_1.id=s1_0.skill_id 
    left join
        users u1_0 
            on u1_0.id=cp1_0.user_id 
    where
        cp1_0.id=?
Hibernate: 
    select
        a1_0.id,
        a1_0.applied_at,
        a1_0.candidate_id,
        a1_0.job_id,
        a1_0.match_score 
    from
        applications a1_0 
    where
        a1_0.job_id=? 
    order by
        a1_0.match_score desc
Hibernate: 
    select
        j1_0.id,
        j1_0.description,
        j1_0.posted_at,
        r1_0.id,
        r1_0.email,
        r1_0.name,
        r1_0.password,
        r1_0.role,
        j1_0.required_experience,
        rs1_0.job_id,
        rs1_1.id,
        rs1_1.name,
        j1_0.title 
    from
        jobs j1_0 
    left join
        users r1_0 
            on r1_0.id=j1_0.recruiter_id 
    left join
        job_skills rs1_0 
            on j1_0.id=rs1_0.job_id 
    left join
        skills rs1_1 
            on rs1_1.id=rs1_0.skill_id 
    where
        j1_0.id=?
Hibernate: 
    select
        a1_0.id,
        a1_0.applied_at,
        a1_0.candidate_id,
        a1_0.job_id,
        a1_0.match_score 
    from
        applications a1_0 
    where
        a1_0.job_id=? 
    order by
        a1_0.match_score desc
Hibernate: 
    select
        cp1_0.id,
        cp1_0.education,
        cp1_0.experience,
        cp1_0.resume_text,
        s1_0.candidate_id,
        s1_1.id,
        s1_1.name,
        u1_0.id,
        u1_0.email,
        u1_0.name,
        u1_0.password,
        u1_0.role 
    from
        candidate_profiles cp1_0 
    left join
        candidate_skills s1_0 
            on cp1_0.id=s1_0.candidate_id 
    left join
        skills s1_1 
            on s1_1.id=s1_0.skill_id 
    left join
        users u1_0 
            on u1_0.id=cp1_0.user_id 
    where
        cp1_0.id=?
Hibernate: 
    select
        u1_0.id,
        u1_0.email,
        u1_0.name,
        u1_0.password,
        u1_0.role 
    from
        users u1_0 
    where
        u1_0.email=?
Hibernate: 
    select
        u1_0.id,
        u1_0.email,
        u1_0.name,
        u1_0.password,
        u1_0.role 
    from
        users u1_0 
    where
        u1_0.email=?
Hibernate: 
    select
        j1_0.id,
        j1_0.description,
        j1_0.posted_at,
        j1_0.recruiter_id,
        j1_0.required_experience,
        j1_0.title 
    from
        jobs j1_0 
    where
        j1_0.recruiter_id=?
Hibernate: 
    select
        rs1_0.job_id,
        rs1_1.id,
        rs1_1.name 
    from
        job_skills rs1_0 
    join
        skills rs1_1 
            on rs1_1.id=rs1_0.skill_id 
    where
        rs1_0.job_id=?
Hibernate: 
    select
        rs1_0.job_id,
        rs1_1.id,
        rs1_1.name 
    from
        job_skills rs1_0 
    join
        skills rs1_1 
            on rs1_1.id=rs1_0.skill_id 
    where
        rs1_0.job_id=?
Hibernate: 
    select
        rs1_0.job_id,
        rs1_1.id,
        rs1_1.name 
    from
        job_skills rs1_0 
    join
        skills rs1_1 
            on rs1_1.id=rs1_0.skill_id 
    where
        rs1_0.job_id=?
Hibernate: 
    select
        u1_0.id,
        u1_0.email,
        u1_0.name,
        u1_0.password,
        u1_0.role 
    from
        users u1_0 
    where
        u1_0.email=?
Hibernate: 
    select
        u1_0.id,
        u1_0.email,
        u1_0.name,
        u1_0.password,
        u1_0.role 
    from
        users u1_0 
    where
        u1_0.email=?
Hibernate: 
    select
        u1_0.id,
        u1_0.email,
        u1_0.name,
        u1_0.password,
        u1_0.role 
    from
        users u1_0 
    where
        u1_0.email=?
Hibernate: 
    select
        j1_0.id,
        j1_0.description,
        j1_0.posted_at,
        j1_0.recruiter_id,
        j1_0.required_experience,
        j1_0.title 
    from
        jobs j1_0 
    where
        j1_0.recruiter_id=?
Hibernate: 
    select
        rs1_0.job_id,
        rs1_1.id,
        rs1_1.name 
    from
        job_skills rs1_0 
    join
        skills rs1_1 
            on rs1_1.id=rs1_0.skill_id 
    where
        rs1_0.job_id=?
Hibernate: 
    select
        rs1_0.job_id,
        rs1_1.id,
        rs1_1.name 
    from
        job_skills rs1_0 
    join
        skills rs1_1 
            on rs1_1.id=rs1_0.skill_id 
    where
        rs1_0.job_id=?
Hibernate: 
    select
        j1_0.id,
        j1_0.description,
        j1_0.posted_at,
        r1_0.id,
        r1_0.email,
        r1_0.name,
        r1_0.password,
        r1_0.role,
        j1_0.required_experience,
        rs1_0.job_id,
        rs1_1.id,
        rs1_1.name,
        j1_0.title 
    from
        jobs j1_0 
    left join
        users r1_0 
            on r1_0.id=j1_0.recruiter_id 
    left join
        job_skills rs1_0 
            on j1_0.id=rs1_0.job_id 
    left join
        skills rs1_1 
            on rs1_1.id=rs1_0.skill_id 
    where
        j1_0.id=?
Hibernate: 
    select
        rs1_0.job_id,
        rs1_1.id,
        rs1_1.name 
    from
        job_skills rs1_0 
    join
        skills rs1_1 
            on rs1_1.id=rs1_0.skill_id 
    where
        rs1_0.job_id=?
Hibernate: 
    select
        a1_0.id,
        a1_0.applied_at,
        a1_0.candidate_id,
        a1_0.job_id,
        a1_0.match_score 
    from
        applications a1_0 
    where
        a1_0.job_id=? 
    order by
        a1_0.match_score desc
Hibernate: 
    select
        cp1_0.id,
        cp1_0.education,
        cp1_0.experience,
        cp1_0.resume_text,
        s1_0.candidate_id,
        s1_1.id,
        s1_1.name,
        u1_0.id,
        u1_0.email,
        u1_0.name,
        u1_0.password,
        u1_0.role 
    from
        candidate_profiles cp1_0 
    left join
        candidate_skills s1_0 
            on cp1_0.id=s1_0.candidate_id 
    left join
        skills s1_1 
            on s1_1.id=s1_0.skill_id 
    left join
        users u1_0 
            on u1_0.id=cp1_0.user_id 
    where
        cp1_0.id=?
Hibernate: 
    select
        u1_0.id,
        u1_0.email,
        u1_0.name,
        u1_0.password,
        u1_0.role 
    from
        users u1_0 
    where
        u1_0.email=?
Hibernate: 
    select
        j1_0.id,
        j1_0.description,
        j1_0.posted_at,
        r1_0.id,
        r1_0.email,
        r1_0.name,
        r1_0.password,
        r1_0.role,
        j1_0.required_experience,
        rs1_0.job_id,
        rs1_1.id,
        rs1_1.name,
        j1_0.title 
    from
        jobs j1_0 
    left join
        users r1_0 
            on r1_0.id=j1_0.recruiter_id 
    left join
        job_skills rs1_0 
            on j1_0.id=rs1_0.job_id 
    left join
        skills rs1_1 
            on rs1_1.id=rs1_0.skill_id 
    where
        j1_0.id=?
Hibernate: 
    select
        a1_0.id,
        a1_0.applied_at,
        a1_0.candidate_id,
        a1_0.job_id,
        a1_0.match_score 
    from
        applications a1_0 
    where
        a1_0.job_id=? 
    order by
        a1_0.match_score desc
Hibernate: 
    select
        cp1_0.id,
        cp1_0.education,
        cp1_0.experience,
        cp1_0.resume_text,
        s1_0.candidate_id,
        s1_1.id,
        s1_1.name,
        u1_0.id,
        u1_0.email,
        u1_0.name,
        u1_0.password,
        u1_0.role 
    from
        candidate_profiles cp1_0 
    left join
        candidate_skills s1_0 
            on cp1_0.id=s1_0.candidate_id 
    left join
        skills s1_1 
            on s1_1.id=s1_0.skill_id 
    left join
        users u1_0 
            on u1_0.id=cp1_0.user_id 
    where
        cp1_0.id=?
Hibernate: 
    select
        u1_0.id,
        u1_0.email,
        u1_0.name,
        u1_0.password,
        u1_0.role 
    from
        users u1_0 
    where
        u1_0.email=?
Hibernate: 
    select
        u1_0.id,
        u1_0.email,
        u1_0.name,
        u1_0.password,
        u1_0.role 
    from
        users u1_0 
    where
        u1_0.email=?
Hibernate: 
    select
        j1_0.id,
        j1_0.description,
        j1_0.posted_at,
        j1_0.recruiter_id,
        j1_0.required_experience,
        j1_0.title 
    from
        jobs j1_0 
    where
        j1_0.recruiter_id=?
Hibernate: 
    select
        rs1_0.job_id,
        rs1_1.id,
        rs1_1.name 
    from
        job_skills rs1_0 
    join
        skills rs1_1 
            on rs1_1.id=rs1_0.skill_id 
    where
        rs1_0.job_id=?
Hibernate: 
    select
        rs1_0.job_id,
        rs1_1.id,
        rs1_1.name 
    from
        job_skills rs1_0 
    join
        skills rs1_1 
            on rs1_1.id=rs1_0.skill_id 
    where
        rs1_0.job_id=?
Hibernate: 
    select
        rs1_0.job_id,
        rs1_1.id,
        rs1_1.name 
    from
        job_skills rs1_0 
    join
        skills rs1_1 
            on rs1_1.id=rs1_0.skill_id 
    where
        rs1_0.job_id=?
Hibernate: 
    select
        u1_0.id,
        u1_0.email,
        u1_0.name,
        u1_0.password,
        u1_0.role 
    from
        users u1_0 
    where
        u1_0.email=?
Hibernate: 
    select
        u1_0.id,
        u1_0.email,
        u1_0.name,
        u1_0.password,
        u1_0.role 
    from
        users u1_0 
    where
        u1_0.email=?
Hibernate: 
    select
        u1_0.id,
        u1_0.email,
        u1_0.name,
        u1_0.password,
        u1_0.role 
    from
        users u1_0 
    where
        u1_0.email=?
Hibernate: 
    select
        u1_0.id,
        u1_0.email,
        u1_0.name,
        u1_0.password,
        u1_0.role 
    from
        users u1_0 
    where
        u1_0.email=?
Hibernate: 
    select
        u1_0.id,
        u1_0.email,
        u1_0.name,
        u1_0.password,
        u1_0.role 
    from
        users u1_0 
    where
        u1_0.email=?
Hibernate: 
    select
        j1_0.id,
        j1_0.description,
        j1_0.posted_at,
        j1_0.recruiter_id,
        j1_0.required_experience,
        j1_0.title 
    from
        jobs j1_0 
    where
        j1_0.recruiter_id=?
Hibernate: 
    select
        rs1_0.job_id,
        rs1_1.id,
        rs1_1.name 
    from
        job_skills rs1_0 
    join
        skills rs1_1 
            on rs1_1.id=rs1_0.skill_id 
    where
        rs1_0.job_id=?
Hibernate: 
    select
        rs1_0.job_id,
        rs1_1.id,
        rs1_1.name 
    from
        job_skills rs1_0 
    join
        skills rs1_1 
            on rs1_1.id=rs1_0.skill_id 
    where
        rs1_0.job_id=?
Hibernate: 
    select
        j1_0.id,
        j1_0.description,
        j1_0.posted_at,
        r1_0.id,
        r1_0.email,
        r1_0.name,
        r1_0.password,
        r1_0.role,
        j1_0.required_experience,
        rs1_0.job_id,
        rs1_1.id,
        rs1_1.name,
        j1_0.title 
    from
        jobs j1_0 
    left join
        users r1_0 
            on r1_0.id=j1_0.recruiter_id 
    left join
        job_skills rs1_0 
            on j1_0.id=rs1_0.job_id 
    left join
        skills rs1_1 
            on rs1_1.id=rs1_0.skill_id 
    where
        j1_0.id=?
Hibernate: 
    select
        j1_0.id,
        j1_0.description,
        j1_0.posted_at,
        r1_0.id,
        r1_0.email,
        r1_0.name,
        r1_0.password,
        r1_0.role,
        j1_0.required_experience,
        rs1_0.job_id,
        rs1_1.id,
        rs1_1.name,
        j1_0.title 
    from
        jobs j1_0 
    left join
        users r1_0 
            on r1_0.id=j1_0.recruiter_id 
    left join
        job_skills rs1_0 
            on j1_0.id=rs1_0.job_id 
    left join
        skills rs1_1 
            on rs1_1.id=rs1_0.skill_id 
    where
        j1_0.id=?
Hibernate: 
    select
        rs1_0.job_id,
        rs1_1.id,
        rs1_1.name 
    from
        job_skills rs1_0 
    join
        skills rs1_1 
            on rs1_1.id=rs1_0.skill_id 
    where
        rs1_0.job_id=?
Hibernate: 
    select
        j1_0.id,
        j1_0.description,
        j1_0.posted_at,
        r1_0.id,
        r1_0.email,
        r1_0.name,
        r1_0.password,
        r1_0.role,
        j1_0.required_experience,
        rs1_0.job_id,
        rs1_1.id,
        rs1_1.name,
        j1_0.title 
    from
        jobs j1_0 
    left join
        users r1_0 
            on r1_0.id=j1_0.recruiter_id 
    left join
        job_skills rs1_0 
            on j1_0.id=rs1_0.job_id 
    left join
        skills rs1_1 
            on rs1_1.id=rs1_0.skill_id 
    where
        j1_0.id=?
Hibernate: 
    select
        a1_0.id,
        a1_0.applied_at,
        a1_0.candidate_id,
        a1_0.job_id,
        a1_0.match_score 
    from
        applications a1_0 
    where
        a1_0.job_id=? 
    order by
        a1_0.match_score desc
Hibernate: 
    select
        a1_0.id,
        a1_0.applied_at,
        a1_0.candidate_id,
        a1_0.job_id,
        a1_0.match_score 
    from
        applications a1_0 
    where
        a1_0.job_id=? 
    order by
        a1_0.match_score desc
Hibernate: 
    select
        cp1_0.id,
        cp1_0.education,
        cp1_0.experience,
        cp1_0.resume_text,
        s1_0.candidate_id,
        s1_1.id,
        s1_1.name,
        u1_0.id,
        u1_0.email,
        u1_0.name,
        u1_0.password,
        u1_0.role 
    from
        candidate_profiles cp1_0 
    left join
        candidate_skills s1_0 
            on cp1_0.id=s1_0.candidate_id 
    left join
        skills s1_1 
            on s1_1.id=s1_0.skill_id 
    left join
        users u1_0 
            on u1_0.id=cp1_0.user_id 
    where
        cp1_0.id=?
Hibernate: 
    select
        cp1_0.id,
        cp1_0.education,
        cp1_0.experience,
        cp1_0.resume_text,
        s1_0.candidate_id,
        s1_1.id,
        s1_1.name,
        u1_0.id,
        u1_0.email,
        u1_0.name,
        u1_0.password,
        u1_0.role 
    from
        candidate_profiles cp1_0 
    left join
        candidate_skills s1_0 
            on cp1_0.id=s1_0.candidate_id 
    left join
        skills s1_1 
            on s1_1.id=s1_0.skill_id 
    left join
        users u1_0 
            on u1_0.id=cp1_0.user_id 
    where
        cp1_0.id=?
Hibernate: 
    select
        a1_0.id,
        a1_0.applied_at,
        a1_0.candidate_id,
        a1_0.job_id,
        a1_0.match_score 
    from
        applications a1_0 
    where
        a1_0.job_id=? 
    order by
        a1_0.match_score desc
Hibernate: 
    select
        u1_0.id,
        u1_0.email,
        u1_0.name,
        u1_0.password,
        u1_0.role 
    from
        users u1_0 
    where
        u1_0.email=?
Hibernate: 
    select
        u1_0.id,
        u1_0.email,
        u1_0.name,
        u1_0.password,
        u1_0.role 
    from
        users u1_0 
    where
        u1_0.email=?
Hibernate: 
    select
        u1_0.id,
        u1_0.email,
        u1_0.name,
        u1_0.password,
        u1_0.role 
    from
        users u1_0 
    where
        u1_0.email=?
Hibernate: 
    select
        j1_0.id,
        j1_0.description,
        j1_0.posted_at,
        r1_0.id,
        r1_0.email,
        r1_0.name,
        r1_0.password,
        r1_0.role,
        j1_0.required_experience,
        rs1_0.job_id,
        rs1_1.id,
        rs1_1.name,
        j1_0.title 
    from
        jobs j1_0 
    left join
        users r1_0 
            on r1_0.id=j1_0.recruiter_id 
    left join
        job_skills rs1_0 
            on j1_0.id=rs1_0.job_id 
    left join
        skills rs1_1 
            on rs1_1.id=rs1_0.skill_id 
    where
        j1_0.id=?
Hibernate: 
    select
        j1_0.id,
        j1_0.description,
        j1_0.posted_at,
        r1_0.id,
        r1_0.email,
        r1_0.name,
        r1_0.password,
        r1_0.role,
        j1_0.required_experience,
        rs1_0.job_id,
        rs1_1.id,
        rs1_1.name,
        j1_0.title 
    from
        jobs j1_0 
    left join
        users r1_0 
            on r1_0.id=j1_0.recruiter_id 
    left join
        job_skills rs1_0 
            on j1_0.id=rs1_0.job_id 
    left join
        skills rs1_1 
            on rs1_1.id=rs1_0.skill_id 
    where
        j1_0.id=?
Hibernate: 
    select
        j1_0.id,
        j1_0.description,
        j1_0.posted_at,
        r1_0.id,
        r1_0.email,
        r1_0.name,
        r1_0.password,
        r1_0.role,
        j1_0.required_experience,
        rs1_0.job_id,
        rs1_1.id,
        rs1_1.name,
        j1_0.title 
    from
        jobs j1_0 
    left join
        users r1_0 
            on r1_0.id=j1_0.recruiter_id 
    left join
        job_skills rs1_0 
            on j1_0.id=rs1_0.job_id 
    left join
        skills rs1_1 
            on rs1_1.id=rs1_0.skill_id 
    where
        j1_0.id=?
Hibernate: 
    select
        a1_0.id,
        a1_0.applied_at,
        a1_0.candidate_id,
        a1_0.job_id,
        a1_0.match_score 
    from
        applications a1_0 
    where
        a1_0.job_id=? 
    order by
        a1_0.match_score desc
Hibernate: 
    select
        a1_0.id,
        a1_0.applied_at,
        a1_0.candidate_id,
        a1_0.job_id,
        a1_0.match_score 
    from
        applications a1_0 
    where
        a1_0.job_id=? 
    order by
        a1_0.match_score desc
Hibernate: 
    select
        cp1_0.id,
        cp1_0.education,
        cp1_0.experience,
        cp1_0.resume_text,
        s1_0.candidate_id,
        s1_1.id,
        s1_1.name,
        u1_0.id,
        u1_0.email,
        u1_0.name,
        u1_0.password,
        u1_0.role 
    from
        candidate_profiles cp1_0 
    left join
        candidate_skills s1_0 
            on cp1_0.id=s1_0.candidate_id 
    left join
        skills s1_1 
            on s1_1.id=s1_0.skill_id 
    left join
        users u1_0 
            on u1_0.id=cp1_0.user_id 
    where
        cp1_0.id=?
Hibernate: 
    select
        a1_0.id,
        a1_0.applied_at,
        a1_0.candidate_id,
        a1_0.job_id,
        a1_0.match_score 
    from
        applications a1_0 
    where
        a1_0.job_id=? 
    order by
        a1_0.match_score desc
Hibernate: 
    select
        cp1_0.id,
        cp1_0.education,
        cp1_0.experience,
        cp1_0.resume_text,
        s1_0.candidate_id,
        s1_1.id,
        s1_1.name,
        u1_0.id,
        u1_0.email,
        u1_0.name,
        u1_0.password,
        u1_0.role 
    from
        candidate_profiles cp1_0 
    left join
        candidate_skills s1_0 
            on cp1_0.id=s1_0.candidate_id 
    left join
        skills s1_1 
            on s1_1.id=s1_0.skill_id 
    left join
        users u1_0 
            on u1_0.id=cp1_0.user_id 
    where
        cp1_0.id=?
Hibernate: 
    select
        u1_0.id,
        u1_0.email,
        u1_0.name,
        u1_0.password,
        u1_0.role 
    from
        users u1_0 
    where
        u1_0.email=?
Hibernate: 
    select
        u1_0.id,
        u1_0.email,
        u1_0.name,
        u1_0.password,
        u1_0.role 
    from
        users u1_0 
    where
        u1_0.email=?
Hibernate: 
    select
        j1_0.id,
        j1_0.description,
        j1_0.posted_at,
        j1_0.recruiter_id,
        j1_0.required_experience,
        j1_0.title 
    from
        jobs j1_0 
    where
        j1_0.recruiter_id=?
Hibernate: 
    select
        rs1_0.job_id,
        rs1_1.id,
        rs1_1.name 
    from
        job_skills rs1_0 
    join
        skills rs1_1 
            on rs1_1.id=rs1_0.skill_id 
    where
        rs1_0.job_id=?
Hibernate: 
    select
        rs1_0.job_id,
        rs1_1.id,
        rs1_1.name 
    from
        job_skills rs1_0 
    join
        skills rs1_1 
            on rs1_1.id=rs1_0.skill_id 
    where
        rs1_0.job_id=?
Hibernate: 
    select
        rs1_0.job_id,
        rs1_1.id,
        rs1_1.name 
    from
        job_skills rs1_0 
    join
        skills rs1_1 
            on rs1_1.id=rs1_0.skill_id 
    where
        rs1_0.job_id=?
Hibernate: 
    select
        u1_0.id,
        u1_0.email,
        u1_0.name,
        u1_0.password,
        u1_0.role 
    from
        users u1_0 
    where
        u1_0.email=?
Hibernate: 
    select
        u1_0.id,
        u1_0.email,
        u1_0.name,
        u1_0.password,
        u1_0.role 
    from
        users u1_0 
    where
        u1_0.email=?
Hibernate: 
    select
        u1_0.id,
        u1_0.email,
        u1_0.name,
        u1_0.password,
        u1_0.role 
    from
        users u1_0 
    where
        u1_0.email=?
Hibernate: 
    select
        j1_0.id,
        j1_0.description,
        j1_0.posted_at,
        j1_0.recruiter_id,
        j1_0.required_experience,
        j1_0.title 
    from
        jobs j1_0 
    where
        j1_0.recruiter_id=?
Hibernate: 
    select
        rs1_0.job_id,
        rs1_1.id,
        rs1_1.name 
    from
        job_skills rs1_0 
    join
        skills rs1_1 
            on rs1_1.id=rs1_0.skill_id 
    where
        rs1_0.job_id=?
Hibernate: 
    select
        rs1_0.job_id,
        rs1_1.id,
        rs1_1.name 
    from
        job_skills rs1_0 
    join
        skills rs1_1 
            on rs1_1.id=rs1_0.skill_id 
    where
        rs1_0.job_id=?
Hibernate: 
    select
        j1_0.id,
        j1_0.description,
        j1_0.posted_at,
        r1_0.id,
        r1_0.email,
        r1_0.name,
        r1_0.password,
        r1_0.role,
        j1_0.required_experience,
        rs1_0.job_id,
        rs1_1.id,
        rs1_1.name,
        j1_0.title 
    from
        jobs j1_0 
    left join
        users r1_0 
            on r1_0.id=j1_0.recruiter_id 
    left join
        job_skills rs1_0 
            on j1_0.id=rs1_0.job_id 
    left join
        skills rs1_1 
            on rs1_1.id=rs1_0.skill_id 
    where
        j1_0.id=?
Hibernate: 
    select
        rs1_0.job_id,
        rs1_1.id,
        rs1_1.name 
    from
        job_skills rs1_0 
    join
        skills rs1_1 
            on rs1_1.id=rs1_0.skill_id 
    where
        rs1_0.job_id=?
Hibernate: 
    select
        a1_0.id,
        a1_0.applied_at,
        a1_0.candidate_id,
        a1_0.job_id,
        a1_0.match_score 
    from
        applications a1_0 
    where
        a1_0.job_id=? 
    order by
        a1_0.match_score desc
Hibernate: 
    select
        cp1_0.id,
        cp1_0.education,
        cp1_0.experience,
        cp1_0.resume_text,
        s1_0.candidate_id,
        s1_1.id,
        s1_1.name,
        u1_0.id,
        u1_0.email,
        u1_0.name,
        u1_0.password,
        u1_0.role 
    from
        candidate_profiles cp1_0 
    left join
        candidate_skills s1_0 
            on cp1_0.id=s1_0.candidate_id 
    left join
        skills s1_1 
            on s1_1.id=s1_0.skill_id 
    left join
        users u1_0 
            on u1_0.id=cp1_0.user_id 
    where
        cp1_0.id=?
Hibernate: 
    select
        u1_0.id,
        u1_0.email,
        u1_0.name,
        u1_0.password,
        u1_0.role 
    from
        users u1_0 
    where
        u1_0.email=?
Hibernate: 
    select
        j1_0.id,
        j1_0.description,
        j1_0.posted_at,
        r1_0.id,
        r1_0.email,
        r1_0.name,
        r1_0.password,
        r1_0.role,
        j1_0.required_experience,
        rs1_0.job_id,
        rs1_1.id,
        rs1_1.name,
        j1_0.title 
    from
        jobs j1_0 
    left join
        users r1_0 
            on r1_0.id=j1_0.recruiter_id 
    left join
        job_skills rs1_0 
            on j1_0.id=rs1_0.job_id 
    left join
        skills rs1_1 
            on rs1_1.id=rs1_0.skill_id 
    where
        j1_0.id=?
Hibernate: 
    select
        a1_0.id,
        a1_0.applied_at,
        a1_0.candidate_id,
        a1_0.job_id,
        a1_0.match_score 
    from
        applications a1_0 
    where
        a1_0.job_id=? 
    order by
        a1_0.match_score desc
Hibernate: 
    select
        cp1_0.id,
        cp1_0.education,
        cp1_0.experience,
        cp1_0.resume_text,
        s1_0.candidate_id,
        s1_1.id,
        s1_1.name,
        u1_0.id,
        u1_0.email,
        u1_0.name,
        u1_0.password,
        u1_0.role 
    from
        candidate_profiles cp1_0 
    left join
        candidate_skills s1_0 
            on cp1_0.id=s1_0.candidate_id 
    left join
        skills s1_1 
            on s1_1.id=s1_0.skill_id 
    left join
        users u1_0 
            on u1_0.id=cp1_0.user_id 
    where
        cp1_0.id=?
Hibernate: 
    select
        u1_0.id,
        u1_0.email,
        u1_0.name,
        u1_0.password,
        u1_0.role 
    from
        users u1_0 
    where
        u1_0.email=?
Hibernate: 
    select
        j1_0.id,
        j1_0.description,
        j1_0.posted_at,
        r1_0.id,
        r1_0.email,
        r1_0.name,
        r1_0.password,
        r1_0.role,
        j1_0.required_experience,
        rs1_0.job_id,
        rs1_1.id,
        rs1_1.name,
        j1_0.title 
    from
        jobs j1_0 
    left join
        users r1_0 
            on r1_0.id=j1_0.recruiter_id 
    left join
        job_skills rs1_0 
            on j1_0.id=rs1_0.job_id 
    left join
        skills rs1_1 
            on rs1_1.id=rs1_0.skill_id 
    where
        j1_0.id=?
Hibernate: 
    select
        a1_0.id,
        a1_0.applied_at,
        a1_0.candidate_id,
        a1_0.job_id,
        a1_0.match_score 
    from
        applications a1_0 
    where
        a1_0.job_id=? 
    order by
        a1_0.match_score desc
Hibernate: 
    select
        cp1_0.id,
        cp1_0.education,
        cp1_0.experience,
        cp1_0.resume_text,
        s1_0.candidate_id,
        s1_1.id,
        s1_1.name,
        u1_0.id,
        u1_0.email,
        u1_0.name,
        u1_0.password,
        u1_0.role 
    from
        candidate_profiles cp1_0 
    left join
        candidate_skills s1_0 
            on cp1_0.id=s1_0.candidate_id 
    left join
        skills s1_1 
            on s1_1.id=s1_0.skill_id 
    left join
        users u1_0 
            on u1_0.id=cp1_0.user_id 
    where
        cp1_0.id=?
Hibernate: 
    select
        u1_0.id,
        u1_0.email,
        u1_0.name,
        u1_0.password,
        u1_0.role 
    from
        users u1_0 
    where
        u1_0.email=?
Hibernate: 
    select
        j1_0.id,
        j1_0.description,
        j1_0.posted_at,
        r1_0.id,
        r1_0.email,
        r1_0.name,
        r1_0.password,
        r1_0.role,
        j1_0.required_experience,
        rs1_0.job_id,
        rs1_1.id,
        rs1_1.name,
        j1_0.title 
    from
        jobs j1_0 
    left join
        users r1_0 
            on r1_0.id=j1_0.recruiter_id 
    left join
        job_skills rs1_0 
            on j1_0.id=rs1_0.job_id 
    left join
        skills rs1_1 
            on rs1_1.id=rs1_0.skill_id 
    where
        j1_0.id=?
Hibernate: 
    select
        a1_0.id,
        a1_0.applied_at,
        a1_0.candidate_id,
        a1_0.job_id,
        a1_0.match_score 
    from
        applications a1_0 
    where
        a1_0.job_id=? 
    order by
        a1_0.match_score desc
Hibernate: 
    select
        u1_0.id,
        u1_0.email,
        u1_0.name,
        u1_0.password,
        u1_0.role 
    from
        users u1_0 
    where
        u1_0.email=?
Hibernate: 
    select
        j1_0.id,
        j1_0.description,
        j1_0.posted_at,
        r1_0.id,
        r1_0.email,
        r1_0.name,
        r1_0.password,
        r1_0.role,
        j1_0.required_experience,
        rs1_0.job_id,
        rs1_1.id,
        rs1_1.name,
        j1_0.title 
    from
        jobs j1_0 
    left join
        users r1_0 
            on r1_0.id=j1_0.recruiter_id 
    left join
        job_skills rs1_0 
            on j1_0.id=rs1_0.job_id 
    left join
        skills rs1_1 
            on rs1_1.id=rs1_0.skill_id 
    where
        j1_0.id=?
Hibernate: 
    select
        a1_0.id,
        a1_0.applied_at,
        a1_0.candidate_id,
        a1_0.job_id,
        a1_0.match_score 
    from
        applications a1_0 
    where
        a1_0.job_id=? 
    order by
        a1_0.match_score desc
Hibernate: 
    select
        cp1_0.id,
        cp1_0.education,
        cp1_0.experience,
        cp1_0.resume_text,
        s1_0.candidate_id,
        s1_1.id,
        s1_1.name,
        u1_0.id,
        u1_0.email,
        u1_0.name,
        u1_0.password,
        u1_0.role 
    from
        candidate_profiles cp1_0 
    left join
        candidate_skills s1_0 
            on cp1_0.id=s1_0.candidate_id 
    left join
        skills s1_1 
            on s1_1.id=s1_0.skill_id 
    left join
        users u1_0 
            on u1_0.id=cp1_0.user_id 
    where
        cp1_0.id=?
Hibernate: 
    select
        u1_0.id,
        u1_0.email,
        u1_0.name,
        u1_0.password,
        u1_0.role 
    from
        users u1_0 
    where
        u1_0.email=?
Hibernate: 
    select
        u1_0.id,
        u1_0.email,
        u1_0.name,
        u1_0.password,
        u1_0.role 
    from
        users u1_0 
    where
        u1_0.email=?
Hibernate: 
    select
        j1_0.id,
        j1_0.description,
        j1_0.posted_at,
        j1_0.recruiter_id,
        j1_0.required_experience,
        j1_0.title 
    from
        jobs j1_0 
    order by
        j1_0.id desc 
    limit
        ?, ?
Hibernate: 
    select
        u1_0.id,
        u1_0.email,
        u1_0.name,
        u1_0.password,
        u1_0.role 
    from
        users u1_0 
    where
        u1_0.id=?
Hibernate: 
    select
        u1_0.id,
        u1_0.email,
        u1_0.name,
        u1_0.password,
        u1_0.role 
    from
        users u1_0 
    where
        u1_0.id=?
Hibernate: 
    select
        rs1_0.job_id,
        rs1_1.id,
        rs1_1.name 
    from
        job_skills rs1_0 
    join
        skills rs1_1 
            on rs1_1.id=rs1_0.skill_id 
    where
        rs1_0.job_id=?
Hibernate: 
    select
        rs1_0.job_id,
        rs1_1.id,
        rs1_1.name 
    from
        job_skills rs1_0 
    join
        skills rs1_1 
            on rs1_1.id=rs1_0.skill_id 
    where
        rs1_0.job_id=?
Hibernate: 
    select
        rs1_0.job_id,
        rs1_1.id,
        rs1_1.name 
    from
        job_skills rs1_0 
    join
        skills rs1_1 
            on rs1_1.id=rs1_0.skill_id 
    where
        rs1_0.job_id=?
Hibernate: 
    select
        rs1_0.job_id,
        rs1_1.id,
        rs1_1.name 
    from
        job_skills rs1_0 
    join
        skills rs1_1 
            on rs1_1.id=rs1_0.skill_id 
    where
        rs1_0.job_id=?
Hibernate: 
    select
        u1_0.id,
        u1_0.email,
        u1_0.name,
        u1_0.password,
        u1_0.role 
    from
        users u1_0 
    where
        u1_0.email=?
Hibernate: 
    select
        j1_0.id,
        j1_0.description,
        j1_0.posted_at,
        j1_0.recruiter_id,
        j1_0.required_experience,
        j1_0.title 
    from
        jobs j1_0 
    order by
        j1_0.id desc 
    limit
        ?, ?
Hibernate: 
    select
        u1_0.id,
        u1_0.email,
        u1_0.name,
        u1_0.password,
        u1_0.role 
    from
        users u1_0 
    where
        u1_0.id=?
Hibernate: 
    select
        u1_0.id,
        u1_0.email,
        u1_0.name,
        u1_0.password,
        u1_0.role 
    from
        users u1_0 
    where
        u1_0.id=?
Hibernate: 
    select
        rs1_0.job_id,
        rs1_1.id,
        rs1_1.name 
    from
        job_skills rs1_0 
    join
        skills rs1_1 
            on rs1_1.id=rs1_0.skill_id 
    where
        rs1_0.job_id=?
Hibernate: 
    select
        rs1_0.job_id,
        rs1_1.id,
        rs1_1.name 
    from
        job_skills rs1_0 
    join
        skills rs1_1 
            on rs1_1.id=rs1_0.skill_id 
    where
        rs1_0.job_id=?
Hibernate: 
    select
        rs1_0.job_id,
        rs1_1.id,
        rs1_1.name 
    from
        job_skills rs1_0 
    join
        skills rs1_1 
            on rs1_1.id=rs1_0.skill_id 
    where
        rs1_0.job_id=?
Hibernate: 
    select
        rs1_0.job_id,
        rs1_1.id,
        rs1_1.name 
    from
        job_skills rs1_0 
    join
        skills rs1_1 
            on rs1_1.id=rs1_0.skill_id 
    where
        rs1_0.job_id=?
Hibernate: 
    select
        u1_0.id,
        u1_0.email,
        u1_0.name,
        u1_0.password,
        u1_0.role 
    from
        users u1_0 
    where
        u1_0.email=?
Hibernate: 
    select
        u1_0.id,
        u1_0.email,
        u1_0.name,
        u1_0.password,
        u1_0.role 
    from
        users u1_0 
    where
        u1_0.email=?
Hibernate: 
    select
        cp1_0.id,
        cp1_0.education,
        cp1_0.experience,
        cp1_0.resume_text,
        cp1_0.user_id 
    from
        candidate_profiles cp1_0 
    where
        cp1_0.user_id=?
Hibernate: 
    select
        u1_0.id,
        u1_0.email,
        u1_0.name,
        u1_0.password,
        u1_0.role 
    from
        users u1_0 
    where
        u1_0.email=?
Hibernate: 
    select
        u1_0.id,
        u1_0.email,
        u1_0.name,
        u1_0.password,
        u1_0.role 
    from
        users u1_0 
    where
        u1_0.email=?
Hibernate: 
    select
        cp1_0.id,
        cp1_0.education,
        cp1_0.experience,
        cp1_0.resume_text,
        cp1_0.user_id 
    from
        candidate_profiles cp1_0 
    where
        cp1_0.user_id=?
Hibernate: 
    select
        u1_0.id,
        u1_0.email,
        u1_0.name,
        u1_0.password,
        u1_0.role 
    from
        users u1_0 
    where
        u1_0.email=?
Hibernate: 
    select
        u1_0.id,
        u1_0.email,
        u1_0.name,
        u1_0.password,
        u1_0.role 
    from
        users u1_0 
    where
        u1_0.email=?
Hibernate: 
    select
        cp1_0.id,
        cp1_0.education,
        cp1_0.experience,
        cp1_0.resume_text,
        cp1_0.user_id 
    from
        candidate_profiles cp1_0 
    where
        cp1_0.user_id=?
Hibernate: 
    select
        u1_0.id,
        u1_0.email,
        u1_0.name,
        u1_0.password,
        u1_0.role 
    from
        users u1_0 
    where
        u1_0.email=?
Hibernate: 
    select
        u1_0.id,
        u1_0.email,
        u1_0.name,
        u1_0.password,
        u1_0.role 
    from
        users u1_0 
    where
        u1_0.email=?
Hibernate: 
    select
        cp1_0.id,
        cp1_0.education,
        cp1_0.experience,
        cp1_0.resume_text,
        cp1_0.user_id 
    from
        candidate_profiles cp1_0 
    where
        cp1_0.user_id=?
Hibernate: 
    select
        u1_0.id,
        u1_0.email,
        u1_0.name,
        u1_0.password,
        u1_0.role 
    from
        users u1_0 
    where
        u1_0.email=?
Hibernate: 
    select
        u1_0.id,
        u1_0.email,
        u1_0.name,
        u1_0.password,
        u1_0.role 
    from
        users u1_0 
    where
        u1_0.email=?
Hibernate: 
    select
        cp1_0.id,
        cp1_0.education,
        cp1_0.experience,
        cp1_0.resume_text,
        cp1_0.user_id 
    from
        candidate_profiles cp1_0 
    where
        cp1_0.user_id=?
Hibernate: 
    select
        u1_0.id,
        u1_0.email,
        u1_0.name,
        u1_0.password,
        u1_0.role 
    from
        users u1_0 
    where
        u1_0.email=?
Hibernate: 
    select
        u1_0.id,
        u1_0.email,
        u1_0.name,
        u1_0.password,
        u1_0.role 
    from
        users u1_0 
    where
        u1_0.email=?
Hibernate: 
    select
        cp1_0.id,
        cp1_0.education,
        cp1_0.experience,
        cp1_0.resume_text,
        cp1_0.user_id 
    from
        candidate_profiles cp1_0 
    where
        cp1_0.user_id=?
Hibernate: 
    select
        u1_0.id,
        u1_0.email,
        u1_0.name,
        u1_0.password,
        u1_0.role 
    from
        users u1_0 
    where
        u1_0.email=?
Hibernate: 
    select
        j1_0.id,
        j1_0.description,
        j1_0.posted_at,
        j1_0.recruiter_id,
        j1_0.required_experience,
        j1_0.title 
    from
        jobs j1_0 
    order by
        j1_0.id desc 
    limit
        ?, ?
Hibernate: 
    select
        u1_0.id,
        u1_0.email,
        u1_0.name,
        u1_0.password,
        u1_0.role 
    from
        users u1_0 
    where
        u1_0.id=?
Hibernate: 
    select
        u1_0.id,
        u1_0.email,
        u1_0.name,
        u1_0.password,
        u1_0.role 
    from
        users u1_0 
    where
        u1_0.id=?
Hibernate: 
    select
        rs1_0.job_id,
        rs1_1.id,
        rs1_1.name 
    from
        job_skills rs1_0 
    join
        skills rs1_1 
            on rs1_1.id=rs1_0.skill_id 
    where
        rs1_0.job_id=?
Hibernate: 
    select
        rs1_0.job_id,
        rs1_1.id,
        rs1_1.name 
    from
        job_skills rs1_0 
    join
        skills rs1_1 
            on rs1_1.id=rs1_0.skill_id 
    where
        rs1_0.job_id=?
Hibernate: 
    select
        rs1_0.job_id,
        rs1_1.id,
        rs1_1.name 
    from
        job_skills rs1_0 
    join
        skills rs1_1 
            on rs1_1.id=rs1_0.skill_id 
    where
        rs1_0.job_id=?
Hibernate: 
    select
        rs1_0.job_id,
        rs1_1.id,
        rs1_1.name 
    from
        job_skills rs1_0 
    join
        skills rs1_1 
            on rs1_1.id=rs1_0.skill_id 
    where
        rs1_0.job_id=?
Hibernate: 
    select
        u1_0.id,
        u1_0.email,
        u1_0.name,
        u1_0.password,
        u1_0.role 
    from
        users u1_0 
    where
        u1_0.email=?
Hibernate: 
    select
        j1_0.id,
        j1_0.description,
        j1_0.posted_at,
        j1_0.recruiter_id,
        j1_0.required_experience,
        j1_0.title 
    from
        jobs j1_0 
    order by
        j1_0.id desc 
    limit
        ?, ?
Hibernate: 
    select
        u1_0.id,
        u1_0.email,
        u1_0.name,
        u1_0.password,
        u1_0.role 
    from
        users u1_0 
    where
        u1_0.id=?
Hibernate: 
    select
        u1_0.id,
        u1_0.email,
        u1_0.name,
        u1_0.password,
        u1_0.role 
    from
        users u1_0 
    where
        u1_0.id=?
Hibernate: 
    select
        rs1_0.job_id,
        rs1_1.id,
        rs1_1.name 
    from
        job_skills rs1_0 
    join
        skills rs1_1 
            on rs1_1.id=rs1_0.skill_id 
    where
        rs1_0.job_id=?
Hibernate: 
    select
        rs1_0.job_id,
        rs1_1.id,
        rs1_1.name 
    from
        job_skills rs1_0 
    join
        skills rs1_1 
            on rs1_1.id=rs1_0.skill_id 
    where
        rs1_0.job_id=?
Hibernate: 
    select
        rs1_0.job_id,
        rs1_1.id,
        rs1_1.name 
    from
        job_skills rs1_0 
    join
        skills rs1_1 
            on rs1_1.id=rs1_0.skill_id 
    where
        rs1_0.job_id=?
Hibernate: 
    select
        rs1_0.job_id,
        rs1_1.id,
        rs1_1.name 
    from
        job_skills rs1_0 
    join
        skills rs1_1 
            on rs1_1.id=rs1_0.skill_id 
    where
        rs1_0.job_id=?
Hibernate: 
    select
        u1_0.id,
        u1_0.email,
        u1_0.name,
        u1_0.password,
        u1_0.role 
    from
        users u1_0 
    where
        u1_0.email=?
Hibernate: 
    select
        u1_0.id,
        u1_0.email,
        u1_0.name,
        u1_0.password,
        u1_0.role 
    from
        users u1_0 
    where
        u1_0.email=?
Hibernate: 
    select
        cp1_0.id,
        cp1_0.education,
        cp1_0.experience,
        cp1_0.resume_text,
        cp1_0.user_id 
    from
        candidate_profiles cp1_0 
    where
        cp1_0.user_id=?
Hibernate: 
    select
        u1_0.id,
        u1_0.email,
        u1_0.name,
        u1_0.password,
        u1_0.role 
    from
        users u1_0 
    where
        u1_0.email=?
Hibernate: 
    select
        u1_0.id,
        u1_0.email,
        u1_0.name,
        u1_0.password,
        u1_0.role 
    from
        users u1_0 
    where
        u1_0.email=?
Hibernate: 
    select
        cp1_0.id,
        cp1_0.education,
        cp1_0.experience,
        cp1_0.resume_text,
        cp1_0.user_id 
    from
        candidate_profiles cp1_0 
    where
        cp1_0.user_id=?
Hibernate: 
    select
        u1_0.id,
        u1_0.email,
        u1_0.name,
        u1_0.password,
        u1_0.role 
    from
        users u1_0 
    where
        u1_0.email=?
Hibernate: 
    select
        j1_0.id,
        j1_0.description,
        j1_0.posted_at,
        j1_0.recruiter_id,
        j1_0.required_experience,
        j1_0.title 
    from
        jobs j1_0 
    order by
        j1_0.id desc 
    limit
        ?, ?
Hibernate: 
    select
        u1_0.id,
        u1_0.email,
        u1_0.name,
        u1_0.password,
        u1_0.role 
    from
        users u1_0 
    where
        u1_0.id=?
Hibernate: 
    select
        u1_0.id,
        u1_0.email,
        u1_0.name,
        u1_0.password,
        u1_0.role 
    from
        users u1_0 
    where
        u1_0.id=?
Hibernate: 
    select
        rs1_0.job_id,
        rs1_1.id,
        rs1_1.name 
    from
        job_skills rs1_0 
    join
        skills rs1_1 
            on rs1_1.id=rs1_0.skill_id 
    where
        rs1_0.job_id=?
Hibernate: 
    select
        rs1_0.job_id,
        rs1_1.id,
        rs1_1.name 
    from
        job_skills rs1_0 
    join
        skills rs1_1 
            on rs1_1.id=rs1_0.skill_id 
    where
        rs1_0.job_id=?
Hibernate: 
    select
        rs1_0.job_id,
        rs1_1.id,
        rs1_1.name 
    from
        job_skills rs1_0 
    join
        skills rs1_1 
            on rs1_1.id=rs1_0.skill_id 
    where
        rs1_0.job_id=?
Hibernate: 
    select
        rs1_0.job_id,
        rs1_1.id,
        rs1_1.name 
    from
        job_skills rs1_0 
    join
        skills rs1_1 
            on rs1_1.id=rs1_0.skill_id 
    where
        rs1_0.job_id=?
Hibernate: 
    select
        u1_0.id,
        u1_0.email,
        u1_0.name,
        u1_0.password,
        u1_0.role 
    from
        users u1_0 
    where
        u1_0.email=?
Hibernate: 
    select
        j1_0.id,
        j1_0.description,
        j1_0.posted_at,
        j1_0.recruiter_id,
        j1_0.required_experience,
        j1_0.title 
    from
        jobs j1_0 
    order by
        j1_0.id desc 
    limit
        ?, ?
Hibernate: 
    select
        u1_0.id,
        u1_0.email,
        u1_0.name,
        u1_0.password,
        u1_0.role 
    from
        users u1_0 
    where
        u1_0.id=?
Hibernate: 
    select
        u1_0.id,
        u1_0.email,
        u1_0.name,
        u1_0.password,
        u1_0.role 
    from
        users u1_0 
    where
        u1_0.id=?
Hibernate: 
    select
        rs1_0.job_id,
        rs1_1.id,
        rs1_1.name 
    from
        job_skills rs1_0 
    join
        skills rs1_1 
            on rs1_1.id=rs1_0.skill_id 
    where
        rs1_0.job_id=?
Hibernate: 
    select
        rs1_0.job_id,
        rs1_1.id,
        rs1_1.name 
    from
        job_skills rs1_0 
    join
        skills rs1_1 
            on rs1_1.id=rs1_0.skill_id 
    where
        rs1_0.job_id=?
Hibernate: 
    select
        rs1_0.job_id,
        rs1_1.id,
        rs1_1.name 
    from
        job_skills rs1_0 
    join
        skills rs1_1 
            on rs1_1.id=rs1_0.skill_id 
    where
        rs1_0.job_id=?
Hibernate: 
    select
        rs1_0.job_id,
        rs1_1.id,
        rs1_1.name 
    from
        job_skills rs1_0 
    join
        skills rs1_1 
            on rs1_1.id=rs1_0.skill_id 
    where
        rs1_0.job_id=?
Hibernate: 
    select
        u1_0.id,
        u1_0.email,
        u1_0.name,
        u1_0.password,
        u1_0.role 
    from
        users u1_0 
    where
        u1_0.email=?
Hibernate: 
    select
        u1_0.id,
        u1_0.email,
        u1_0.name,
        u1_0.password,
        u1_0.role 
    from
        users u1_0 
    where
        u1_0.email=?
Hibernate: 
    select
        cp1_0.id,
        cp1_0.education,
        cp1_0.experience,
        cp1_0.resume_text,
        cp1_0.user_id 
    from
        candidate_profiles cp1_0 
    where
        cp1_0.user_id=?
Hibernate: 
    select
        u1_0.id,
        u1_0.email,
        u1_0.name,
        u1_0.password,
        u1_0.role 
    from
        users u1_0 
    where
        u1_0.email=?
Hibernate: 
    select
        u1_0.id,
        u1_0.email,
        u1_0.name,
        u1_0.password,
        u1_0.role 
    from
        users u1_0 
    where
        u1_0.email=?
Hibernate: 
    select
        cp1_0.id,
        cp1_0.education,
        cp1_0.experience,
        cp1_0.resume_text,
        cp1_0.user_id 
    from
        candidate_profiles cp1_0 
    where
        cp1_0.user_id=?
Hibernate: 
    select
        u1_0.id,
        u1_0.email,
        u1_0.name,
        u1_0.password,
        u1_0.role 
    from
        users u1_0 
    where
        u1_0.email=?
Hibernate: 
    select
        u1_0.id,
        u1_0.email,
        u1_0.name,
        u1_0.password,
        u1_0.role 
    from
        users u1_0 
    where
        u1_0.email=?
Hibernate: 
    select
        cp1_0.id,
        cp1_0.education,
        cp1_0.experience,
        cp1_0.resume_text,
        cp1_0.user_id 
    from
        candidate_profiles cp1_0 
    where
        cp1_0.user_id=?
